{
  method: 'POST',
  url: '/api/services',
  ip: '127.0.0.1',
  userAgent: undefined,
  statusCode: 500,
  message: "Cannot read properties of undefined (reading 'map')",
  userId: new ObjectId('68dcbc7ca235be51b37bb911'),
  level: 'error',
  timestamp: '2025-10-25 19:25:47'
}
{
  method: 'POST',
  url: '/api/services',
  ip: '127.0.0.1',
  userAgent: undefined,
  statusCode: 500,
  message: "Cannot read properties of undefined (reading 'map')",
  stack: "Error: Cannot read properties of undefined (reading 'map')\n" +
    '    at errorHandler (file:///D:/FYP/PlantCo_Backend/middlewares/error.handler.js:45:11)\n' +
    '    at Layer.handleError (D:\\FYP\\PlantCo_Backend\\node_modules\\router\\lib\\layer.js:116:17)\n' +
    '    at trimPrefix (D:\\FYP\\PlantCo_Backend\\node_modules\\router\\index.js:340:13)\n' +
    '    at D:\\FYP\\PlantCo_Backend\\node_modules\\router\\index.js:297:9\n' +
    '    at processParams (D:\\FYP\\PlantCo_Backend\\node_modules\\router\\index.js:582:12)\n' +
    '    at next (D:\\FYP\\PlantCo_Backend\\node_modules\\router\\index.js:291:5)\n' +
    '    at D:\\FYP\\PlantCo_Backend\\node_modules\\router\\index.js:688:15\n' +
    '    at next (D:\\FYP\\PlantCo_Backend\\node_modules\\router\\index.js:276:14)\n' +
    '    at next (D:\\FYP\\PlantCo_Backend\\node_modules\\router\\lib\\route.js:132:14)\n' +
    '    at Layer.handleError (D:\\FYP\\PlantCo_Backend\\node_modules\\router\\lib\\layer.js:111:12)',
  userId: new ObjectId('68dcbc7ca235be51b37bb911'),
  level: 'error',
  timestamp: '2025-10-25 19:26:37'
}
{"error":{},"ip":"127.0.0.1","level":"error","message":"Unhandled Error Cannot read properties of undefined (reading 'map')","method":"POST","statusCode":500,"timestamp":"2025-10-25T14:30:20.907Z","url":"/api/services","userId":"68dcbc7ca235be51b37bb911"}
{
  method: 'POST',
  url: '/api/services',
  ip: '127.0.0.1',
  userAgent: undefined,
  statusCode: 500,
  message: "Cannot read properties of undefined (reading 'map')",
  userId: new ObjectId('68dcbc7ca235be51b37bb911'),
  level: 'error',
  timestamp: '2025-10-25 19:30:59'
}
{
  method: 'POST',
  url: '/api/services',
  ip: '127.0.0.1',
  userAgent: undefined,
  statusCode: 500,
  message: 'slugify is not defined',
  userId: new ObjectId('68dcbc7ca235be51b37bb911'),
  level: 'error',
  timestamp: '2025-10-25 20:05:24'
}
{
  method: 'GET',
  url: '/api/services',
  ip: '127.0.0.1',
  userAgent: undefined,
  statusCode: 500,
  message: 'Cannot set property query of #<IncomingMessage> which has only a getter',
  userId: 'Anonymous',
  level: 'error',
  timestamp: '2025-10-25 20:07:03'
}
{
  method: 'PUT',
  url: '/api/services/68fce824de8d616149d06df0',
  ip: '127.0.0.1',
  userAgent: undefined,
  statusCode: 404,
  message: "Can't find /api/services/68fce824de8d616149d06df0 on this server",
  userId: 'Anonymous',
  level: 'error',
  timestamp: '2025-10-25 20:13:54'
}
{
  method: 'PATCH',
  url: '/api/services/68fce824de8d616149d06df0',
  ip: '127.0.0.1',
  userAgent: undefined,
  statusCode: 401,
  message: 'Authentication token has expired',
  userId: 'Anonymous',
  level: 'error',
  timestamp: '2025-10-25 20:14:29'
}
{
  method: 'PATCH',
  url: '/api/services/68fce824de8d616149d06df0',
  ip: '127.0.0.1',
  userAgent: undefined,
  statusCode: 403,
  message: 'Access denied: Only service_provider, vendor, admin allowed',
  userId: new ObjectId('68dcbc7ca235be51b37bb901'),
  level: 'error',
  timestamp: '2025-10-25 20:14:47'
}
{
  method: 'DELETE',
  url: '/api/services/68fce824de8d616149d06df0',
  ip: '127.0.0.1',
  userAgent: undefined,
  statusCode: 500,
  message: 'service.remove is not a function',
  userId: new ObjectId('68dcbc7ca235be51b37bb911'),
  level: 'error',
  timestamp: '2025-10-26 00:46:49'
}
{
  method: 'POST',
  url: '/api/bookings/68fcc24cd56bd87627877a78/cancel',
  ip: '127.0.0.1',
  userAgent: undefined,
  statusCode: 400,
  message: 'Booking cannot be cancelled in its current state',
  userId: new ObjectId('68dcbc7ca235be51b37bb901'),
  level: 'error',
  timestamp: '2025-10-26 01:02:37'
}
{
  method: 'PATCH',
  url: '/api/bookings/68fcc24cd56bd87627877a78/status',
  ip: '127.0.0.1',
  userAgent: undefined,
  statusCode: 400,
  message: 'Cannot transition from cancelled to accepted',
  userId: new ObjectId('68e2335ee62ae8d6a5072fe5'),
  level: 'error',
  timestamp: '2025-10-26 01:03:30'
}
{
  error: TypeError: Unexpected ( at 4, expected END: https://git.new/pathToRegexpError
      at Iter.consume (D:\FYP\PlantCo_Backend\node_modules\path-to-regexp\dist\index.js:123:15)
      at consume (D:\FYP\PlantCo_Backend\node_modules\path-to-regexp\dist\index.js:179:16)
      at parse (D:\FYP\PlantCo_Backend\node_modules\path-to-regexp\dist\index.js:183:20)
      at D:\FYP\PlantCo_Backend\node_modules\path-to-regexp\dist\index.js:294:74
      at Array.map (<anonymous>)
      at pathToRegexp (D:\FYP\PlantCo_Backend\node_modules\path-to-regexp\dist\index.js:294:25)
      at Object.match (D:\FYP\PlantCo_Backend\node_modules\path-to-regexp\dist\index.js:264:30)
      at matcher (D:\FYP\PlantCo_Backend\node_modules\router\lib\layer.js:86:23)
      at new Layer (D:\FYP\PlantCo_Backend\node_modules\router\lib\layer.js:93:62)
      at Function.route (D:\FYP\PlantCo_Backend\node_modules\router\index.js:428:17),
  level: 'error',
  message: 'uncaughtException: Unexpected ( at 4, expected END: https://git.new/pathToRegexpError\n' +
    'TypeError: Unexpected ( at 4, expected END: https://git.new/pathToRegexpError\n' +
    '    at Iter.consume (D:\\FYP\\PlantCo_Backend\\node_modules\\path-to-regexp\\dist\\index.js:123:15)\n' +
    '    at consume (D:\\FYP\\PlantCo_Backend\\node_modules\\path-to-regexp\\dist\\index.js:179:16)\n' +
    '    at parse (D:\\FYP\\PlantCo_Backend\\node_modules\\path-to-regexp\\dist\\index.js:183:20)\n' +
    '    at D:\\FYP\\PlantCo_Backend\\node_modules\\path-to-regexp\\dist\\index.js:294:74\n' +
    '    at Array.map (<anonymous>)\n' +
    '    at pathToRegexp (D:\\FYP\\PlantCo_Backend\\node_modules\\path-to-regexp\\dist\\index.js:294:25)\n' +
    '    at Object.match (D:\\FYP\\PlantCo_Backend\\node_modules\\path-to-regexp\\dist\\index.js:264:30)\n' +
    '    at matcher (D:\\FYP\\PlantCo_Backend\\node_modules\\router\\lib\\layer.js:86:23)\n' +
    '    at new Layer (D:\\FYP\\PlantCo_Backend\\node_modules\\router\\lib\\layer.js:93:62)\n' +
    '    at Function.route (D:\\FYP\\PlantCo_Backend\\node_modules\\router\\index.js:428:17)',
  stack: 'TypeError: Unexpected ( at 4, expected END: https://git.new/pathToRegexpError\n' +
    '    at Iter.consume (D:\\FYP\\PlantCo_Backend\\node_modules\\path-to-regexp\\dist\\index.js:123:15)\n' +
    '    at consume (D:\\FYP\\PlantCo_Backend\\node_modules\\path-to-regexp\\dist\\index.js:179:16)\n' +
    '    at parse (D:\\FYP\\PlantCo_Backend\\node_modules\\path-to-regexp\\dist\\index.js:183:20)\n' +
    '    at D:\\FYP\\PlantCo_Backend\\node_modules\\path-to-regexp\\dist\\index.js:294:74\n' +
    '    at Array.map (<anonymous>)\n' +
    '    at pathToRegexp (D:\\FYP\\PlantCo_Backend\\node_modules\\path-to-regexp\\dist\\index.js:294:25)\n' +
    '    at Object.match (D:\\FYP\\PlantCo_Backend\\node_modules\\path-to-regexp\\dist\\index.js:264:30)\n' +
    '    at matcher (D:\\FYP\\PlantCo_Backend\\node_modules\\router\\lib\\layer.js:86:23)\n' +
    '    at new Layer (D:\\FYP\\PlantCo_Backend\\node_modules\\router\\lib\\layer.js:93:62)\n' +
    '    at Function.route (D:\\FYP\\PlantCo_Backend\\node_modules\\router\\index.js:428:17)',
  exception: true,
  date: 'Mon Oct 27 2025 00:31:19 GMT+0500 (Pakistan Standard Time)',
  process: {
    pid: 13104,
    uid: null,
    gid: null,
    cwd: 'D:\\FYP\\PlantCo_Backend',
    execPath: 'C:\\Program Files\\nodejs\\node.exe',
    version: 'v22.17.1',
    argv: [
      'C:\\Program Files\\nodejs\\node.exe',
      'D:\\FYP\\PlantCo_Backend\\server.js'
    ],
    memoryUsage: {
      rss: 108158976,
      heapTotal: 62939136,
      heapUsed: 42920024,
      external: 20866973,
      arrayBuffers: 18297248
    }
  },
  os: { loadavg: [ 0, 0, 0 ], uptime: 1063506.625 },
  trace: [
    {
      column: 15,
      file: 'D:\\FYP\\PlantCo_Backend\\node_modules\\path-to-regexp\\dist\\index.js',
      function: 'Iter.consume',
      line: 123,
      method: 'consume',
      native: false
    },
    {
      column: 16,
      file: 'D:\\FYP\\PlantCo_Backend\\node_modules\\path-to-regexp\\dist\\index.js',
      function: 'consume',
      line: 179,
      method: null,
      native: false
    },
    {
      column: 20,
      file: 'D:\\FYP\\PlantCo_Backend\\node_modules\\path-to-regexp\\dist\\index.js',
      function: 'parse',
      line: 183,
      method: null,
      native: false
    },
    {
      column: 74,
      file: 'D:\\FYP\\PlantCo_Backend\\node_modules\\path-to-regexp\\dist\\index.js',
      function: null,
      line: 294,
      method: null,
      native: false
    },
    {
      column: null,
      file: null,
      function: 'Array.map',
      line: null,
      method: 'map',
      native: false
    },
    {
      column: 25,
      file: 'D:\\FYP\\PlantCo_Backend\\node_modules\\path-to-regexp\\dist\\index.js',
      function: 'pathToRegexp',
      line: 294,
      method: null,
      native: false
    },
    {
      column: 30,
      file: 'D:\\FYP\\PlantCo_Backend\\node_modules\\path-to-regexp\\dist\\index.js',
      function: 'Object.match',
      line: 264,
      method: 'match',
      native: false
    },
    {
      column: 23,
      file: 'D:\\FYP\\PlantCo_Backend\\node_modules\\router\\lib\\layer.js',
      function: 'matcher',
      line: 86,
      method: null,
      native: false
    },
    {
      column: 62,
      file: 'D:\\FYP\\PlantCo_Backend\\node_modules\\router\\lib\\layer.js',
      function: 'new Layer',
      line: 93,
      method: null,
      native: false
    },
    {
      column: 17,
      file: 'D:\\FYP\\PlantCo_Backend\\node_modules\\router\\index.js',
      function: 'Function.route',
      line: 428,
      method: 'route',
      native: false
    }
  ],
  timestamp: '2025-10-27 00:31:19'
}
{
  message: 'Unexpected ( at 4, expected END: https://git.new/pathToRegexpError',
  stack: 'TypeError: Unexpected ( at 4, expected END: https://git.new/pathToRegexpError\n' +
    '    at Iter.consume (D:\\FYP\\PlantCo_Backend\\node_modules\\path-to-regexp\\dist\\index.js:123:15)\n' +
    '    at consume (D:\\FYP\\PlantCo_Backend\\node_modules\\path-to-regexp\\dist\\index.js:179:16)\n' +
    '    at parse (D:\\FYP\\PlantCo_Backend\\node_modules\\path-to-regexp\\dist\\index.js:183:20)\n' +
    '    at D:\\FYP\\PlantCo_Backend\\node_modules\\path-to-regexp\\dist\\index.js:294:74\n' +
    '    at Array.map (<anonymous>)\n' +
    '    at pathToRegexp (D:\\FYP\\PlantCo_Backend\\node_modules\\path-to-regexp\\dist\\index.js:294:25)\n' +
    '    at Object.match (D:\\FYP\\PlantCo_Backend\\node_modules\\path-to-regexp\\dist\\index.js:264:30)\n' +
    '    at matcher (D:\\FYP\\PlantCo_Backend\\node_modules\\router\\lib\\layer.js:86:23)\n' +
    '    at new Layer (D:\\FYP\\PlantCo_Backend\\node_modules\\router\\lib\\layer.js:93:62)\n' +
    '    at Function.route (D:\\FYP\\PlantCo_Backend\\node_modules\\router\\index.js:428:17)',
  level: 'error',
  timestamp: '2025-10-27 00:31:19'
}
{
  error: TypeError: Unexpected ( at 4, expected END: https://git.new/pathToRegexpError
      at Iter.consume (D:\FYP\PlantCo_Backend\node_modules\path-to-regexp\dist\index.js:123:15)
      at consume (D:\FYP\PlantCo_Backend\node_modules\path-to-regexp\dist\index.js:179:16)
      at parse (D:\FYP\PlantCo_Backend\node_modules\path-to-regexp\dist\index.js:183:20)
      at D:\FYP\PlantCo_Backend\node_modules\path-to-regexp\dist\index.js:294:74
      at Array.map (<anonymous>)
      at pathToRegexp (D:\FYP\PlantCo_Backend\node_modules\path-to-regexp\dist\index.js:294:25)
      at Object.match (D:\FYP\PlantCo_Backend\node_modules\path-to-regexp\dist\index.js:264:30)
      at matcher (D:\FYP\PlantCo_Backend\node_modules\router\lib\layer.js:86:23)
      at new Layer (D:\FYP\PlantCo_Backend\node_modules\router\lib\layer.js:93:62)
      at Function.route (D:\FYP\PlantCo_Backend\node_modules\router\index.js:428:17),
  level: 'error',
  message: 'uncaughtException: Unexpected ( at 4, expected END: https://git.new/pathToRegexpError\n' +
    'TypeError: Unexpected ( at 4, expected END: https://git.new/pathToRegexpError\n' +
    '    at Iter.consume (D:\\FYP\\PlantCo_Backend\\node_modules\\path-to-regexp\\dist\\index.js:123:15)\n' +
    '    at consume (D:\\FYP\\PlantCo_Backend\\node_modules\\path-to-regexp\\dist\\index.js:179:16)\n' +
    '    at parse (D:\\FYP\\PlantCo_Backend\\node_modules\\path-to-regexp\\dist\\index.js:183:20)\n' +
    '    at D:\\FYP\\PlantCo_Backend\\node_modules\\path-to-regexp\\dist\\index.js:294:74\n' +
    '    at Array.map (<anonymous>)\n' +
    '    at pathToRegexp (D:\\FYP\\PlantCo_Backend\\node_modules\\path-to-regexp\\dist\\index.js:294:25)\n' +
    '    at Object.match (D:\\FYP\\PlantCo_Backend\\node_modules\\path-to-regexp\\dist\\index.js:264:30)\n' +
    '    at matcher (D:\\FYP\\PlantCo_Backend\\node_modules\\router\\lib\\layer.js:86:23)\n' +
    '    at new Layer (D:\\FYP\\PlantCo_Backend\\node_modules\\router\\lib\\layer.js:93:62)\n' +
    '    at Function.route (D:\\FYP\\PlantCo_Backend\\node_modules\\router\\index.js:428:17)',
  stack: 'TypeError: Unexpected ( at 4, expected END: https://git.new/pathToRegexpError\n' +
    '    at Iter.consume (D:\\FYP\\PlantCo_Backend\\node_modules\\path-to-regexp\\dist\\index.js:123:15)\n' +
    '    at consume (D:\\FYP\\PlantCo_Backend\\node_modules\\path-to-regexp\\dist\\index.js:179:16)\n' +
    '    at parse (D:\\FYP\\PlantCo_Backend\\node_modules\\path-to-regexp\\dist\\index.js:183:20)\n' +
    '    at D:\\FYP\\PlantCo_Backend\\node_modules\\path-to-regexp\\dist\\index.js:294:74\n' +
    '    at Array.map (<anonymous>)\n' +
    '    at pathToRegexp (D:\\FYP\\PlantCo_Backend\\node_modules\\path-to-regexp\\dist\\index.js:294:25)\n' +
    '    at Object.match (D:\\FYP\\PlantCo_Backend\\node_modules\\path-to-regexp\\dist\\index.js:264:30)\n' +
    '    at matcher (D:\\FYP\\PlantCo_Backend\\node_modules\\router\\lib\\layer.js:86:23)\n' +
    '    at new Layer (D:\\FYP\\PlantCo_Backend\\node_modules\\router\\lib\\layer.js:93:62)\n' +
    '    at Function.route (D:\\FYP\\PlantCo_Backend\\node_modules\\router\\index.js:428:17)',
  exception: true,
  date: 'Mon Oct 27 2025 00:31:45 GMT+0500 (Pakistan Standard Time)',
  process: {
    pid: 23964,
    uid: null,
    gid: null,
    cwd: 'D:\\FYP\\PlantCo_Backend',
    execPath: 'C:\\Program Files\\nodejs\\node.exe',
    version: 'v22.17.1',
    argv: [
      'C:\\Program Files\\nodejs\\node.exe',
      'D:\\FYP\\PlantCo_Backend\\server.js'
    ],
    memoryUsage: {
      rss: 107704320,
      heapTotal: 63201280,
      heapUsed: 42817384,
      external: 20866973,
      arrayBuffers: 18297248
    }
  },
  os: { loadavg: [ 0, 0, 0 ], uptime: 1063531.937 },
  trace: [
    {
      column: 15,
      file: 'D:\\FYP\\PlantCo_Backend\\node_modules\\path-to-regexp\\dist\\index.js',
      function: 'Iter.consume',
      line: 123,
      method: 'consume',
      native: false
    },
    {
      column: 16,
      file: 'D:\\FYP\\PlantCo_Backend\\node_modules\\path-to-regexp\\dist\\index.js',
      function: 'consume',
      line: 179,
      method: null,
      native: false
    },
    {
      column: 20,
      file: 'D:\\FYP\\PlantCo_Backend\\node_modules\\path-to-regexp\\dist\\index.js',
      function: 'parse',
      line: 183,
      method: null,
      native: false
    },
    {
      column: 74,
      file: 'D:\\FYP\\PlantCo_Backend\\node_modules\\path-to-regexp\\dist\\index.js',
      function: null,
      line: 294,
      method: null,
      native: false
    },
    {
      column: null,
      file: null,
      function: 'Array.map',
      line: null,
      method: 'map',
      native: false
    },
    {
      column: 25,
      file: 'D:\\FYP\\PlantCo_Backend\\node_modules\\path-to-regexp\\dist\\index.js',
      function: 'pathToRegexp',
      line: 294,
      method: null,
      native: false
    },
    {
      column: 30,
      file: 'D:\\FYP\\PlantCo_Backend\\node_modules\\path-to-regexp\\dist\\index.js',
      function: 'Object.match',
      line: 264,
      method: 'match',
      native: false
    },
    {
      column: 23,
      file: 'D:\\FYP\\PlantCo_Backend\\node_modules\\router\\lib\\layer.js',
      function: 'matcher',
      line: 86,
      method: null,
      native: false
    },
    {
      column: 62,
      file: 'D:\\FYP\\PlantCo_Backend\\node_modules\\router\\lib\\layer.js',
      function: 'new Layer',
      line: 93,
      method: null,
      native: false
    },
    {
      column: 17,
      file: 'D:\\FYP\\PlantCo_Backend\\node_modules\\router\\index.js',
      function: 'Function.route',
      line: 428,
      method: 'route',
      native: false
    }
  ],
  timestamp: '2025-10-27 00:31:45'
}
{
  message: 'Unexpected ( at 4, expected END: https://git.new/pathToRegexpError',
  stack: 'TypeError: Unexpected ( at 4, expected END: https://git.new/pathToRegexpError\n' +
    '    at Iter.consume (D:\\FYP\\PlantCo_Backend\\node_modules\\path-to-regexp\\dist\\index.js:123:15)\n' +
    '    at consume (D:\\FYP\\PlantCo_Backend\\node_modules\\path-to-regexp\\dist\\index.js:179:16)\n' +
    '    at parse (D:\\FYP\\PlantCo_Backend\\node_modules\\path-to-regexp\\dist\\index.js:183:20)\n' +
    '    at D:\\FYP\\PlantCo_Backend\\node_modules\\path-to-regexp\\dist\\index.js:294:74\n' +
    '    at Array.map (<anonymous>)\n' +
    '    at pathToRegexp (D:\\FYP\\PlantCo_Backend\\node_modules\\path-to-regexp\\dist\\index.js:294:25)\n' +
    '    at Object.match (D:\\FYP\\PlantCo_Backend\\node_modules\\path-to-regexp\\dist\\index.js:264:30)\n' +
    '    at matcher (D:\\FYP\\PlantCo_Backend\\node_modules\\router\\lib\\layer.js:86:23)\n' +
    '    at new Layer (D:\\FYP\\PlantCo_Backend\\node_modules\\router\\lib\\layer.js:93:62)\n' +
    '    at Function.route (D:\\FYP\\PlantCo_Backend\\node_modules\\router\\index.js:428:17)',
  level: 'error',
  timestamp: '2025-10-27 00:31:45'
}
{
  error: TypeError: Unexpected ( at 4, expected END: https://git.new/pathToRegexpError
      at Iter.consume (D:\FYP\PlantCo_Backend\node_modules\path-to-regexp\dist\index.js:123:15)
      at consume (D:\FYP\PlantCo_Backend\node_modules\path-to-regexp\dist\index.js:179:16)
      at parse (D:\FYP\PlantCo_Backend\node_modules\path-to-regexp\dist\index.js:183:20)
      at D:\FYP\PlantCo_Backend\node_modules\path-to-regexp\dist\index.js:294:74
      at Array.map (<anonymous>)
      at pathToRegexp (D:\FYP\PlantCo_Backend\node_modules\path-to-regexp\dist\index.js:294:25)
      at Object.match (D:\FYP\PlantCo_Backend\node_modules\path-to-regexp\dist\index.js:264:30)
      at matcher (D:\FYP\PlantCo_Backend\node_modules\router\lib\layer.js:86:23)
      at new Layer (D:\FYP\PlantCo_Backend\node_modules\router\lib\layer.js:93:62)
      at Function.route (D:\FYP\PlantCo_Backend\node_modules\router\index.js:428:17),
  level: 'error',
  message: 'uncaughtException: Unexpected ( at 4, expected END: https://git.new/pathToRegexpError\n' +
    'TypeError: Unexpected ( at 4, expected END: https://git.new/pathToRegexpError\n' +
    '    at Iter.consume (D:\\FYP\\PlantCo_Backend\\node_modules\\path-to-regexp\\dist\\index.js:123:15)\n' +
    '    at consume (D:\\FYP\\PlantCo_Backend\\node_modules\\path-to-regexp\\dist\\index.js:179:16)\n' +
    '    at parse (D:\\FYP\\PlantCo_Backend\\node_modules\\path-to-regexp\\dist\\index.js:183:20)\n' +
    '    at D:\\FYP\\PlantCo_Backend\\node_modules\\path-to-regexp\\dist\\index.js:294:74\n' +
    '    at Array.map (<anonymous>)\n' +
    '    at pathToRegexp (D:\\FYP\\PlantCo_Backend\\node_modules\\path-to-regexp\\dist\\index.js:294:25)\n' +
    '    at Object.match (D:\\FYP\\PlantCo_Backend\\node_modules\\path-to-regexp\\dist\\index.js:264:30)\n' +
    '    at matcher (D:\\FYP\\PlantCo_Backend\\node_modules\\router\\lib\\layer.js:86:23)\n' +
    '    at new Layer (D:\\FYP\\PlantCo_Backend\\node_modules\\router\\lib\\layer.js:93:62)\n' +
    '    at Function.route (D:\\FYP\\PlantCo_Backend\\node_modules\\router\\index.js:428:17)',
  stack: 'TypeError: Unexpected ( at 4, expected END: https://git.new/pathToRegexpError\n' +
    '    at Iter.consume (D:\\FYP\\PlantCo_Backend\\node_modules\\path-to-regexp\\dist\\index.js:123:15)\n' +
    '    at consume (D:\\FYP\\PlantCo_Backend\\node_modules\\path-to-regexp\\dist\\index.js:179:16)\n' +
    '    at parse (D:\\FYP\\PlantCo_Backend\\node_modules\\path-to-regexp\\dist\\index.js:183:20)\n' +
    '    at D:\\FYP\\PlantCo_Backend\\node_modules\\path-to-regexp\\dist\\index.js:294:74\n' +
    '    at Array.map (<anonymous>)\n' +
    '    at pathToRegexp (D:\\FYP\\PlantCo_Backend\\node_modules\\path-to-regexp\\dist\\index.js:294:25)\n' +
    '    at Object.match (D:\\FYP\\PlantCo_Backend\\node_modules\\path-to-regexp\\dist\\index.js:264:30)\n' +
    '    at matcher (D:\\FYP\\PlantCo_Backend\\node_modules\\router\\lib\\layer.js:86:23)\n' +
    '    at new Layer (D:\\FYP\\PlantCo_Backend\\node_modules\\router\\lib\\layer.js:93:62)\n' +
    '    at Function.route (D:\\FYP\\PlantCo_Backend\\node_modules\\router\\index.js:428:17)',
  exception: true,
  date: 'Mon Oct 27 2025 00:33:24 GMT+0500 (Pakistan Standard Time)',
  process: {
    pid: 15580,
    uid: null,
    gid: null,
    cwd: 'D:\\FYP\\PlantCo_Backend',
    execPath: 'C:\\Program Files\\nodejs\\node.exe',
    version: 'v22.17.1',
    argv: [
      'C:\\Program Files\\nodejs\\node.exe',
      'D:\\FYP\\PlantCo_Backend\\server.js'
    ],
    memoryUsage: {
      rss: 108597248,
      heapTotal: 62939136,
      heapUsed: 43181248,
      external: 20866973,
      arrayBuffers: 18297248
    }
  },
  os: { loadavg: [ 0, 0, 0 ], uptime: 1063631.468 },
  trace: [
    {
      column: 15,
      file: 'D:\\FYP\\PlantCo_Backend\\node_modules\\path-to-regexp\\dist\\index.js',
      function: 'Iter.consume',
      line: 123,
      method: 'consume',
      native: false
    },
    {
      column: 16,
      file: 'D:\\FYP\\PlantCo_Backend\\node_modules\\path-to-regexp\\dist\\index.js',
      function: 'consume',
      line: 179,
      method: null,
      native: false
    },
    {
      column: 20,
      file: 'D:\\FYP\\PlantCo_Backend\\node_modules\\path-to-regexp\\dist\\index.js',
      function: 'parse',
      line: 183,
      method: null,
      native: false
    },
    {
      column: 74,
      file: 'D:\\FYP\\PlantCo_Backend\\node_modules\\path-to-regexp\\dist\\index.js',
      function: null,
      line: 294,
      method: null,
      native: false
    },
    {
      column: null,
      file: null,
      function: 'Array.map',
      line: null,
      method: 'map',
      native: false
    },
    {
      column: 25,
      file: 'D:\\FYP\\PlantCo_Backend\\node_modules\\path-to-regexp\\dist\\index.js',
      function: 'pathToRegexp',
      line: 294,
      method: null,
      native: false
    },
    {
      column: 30,
      file: 'D:\\FYP\\PlantCo_Backend\\node_modules\\path-to-regexp\\dist\\index.js',
      function: 'Object.match',
      line: 264,
      method: 'match',
      native: false
    },
    {
      column: 23,
      file: 'D:\\FYP\\PlantCo_Backend\\node_modules\\router\\lib\\layer.js',
      function: 'matcher',
      line: 86,
      method: null,
      native: false
    },
    {
      column: 62,
      file: 'D:\\FYP\\PlantCo_Backend\\node_modules\\router\\lib\\layer.js',
      function: 'new Layer',
      line: 93,
      method: null,
      native: false
    },
    {
      column: 17,
      file: 'D:\\FYP\\PlantCo_Backend\\node_modules\\router\\index.js',
      function: 'Function.route',
      line: 428,
      method: 'route',
      native: false
    }
  ],
  timestamp: '2025-10-27 00:33:24'
}
{
  message: 'Unexpected ( at 4, expected END: https://git.new/pathToRegexpError',
  stack: 'TypeError: Unexpected ( at 4, expected END: https://git.new/pathToRegexpError\n' +
    '    at Iter.consume (D:\\FYP\\PlantCo_Backend\\node_modules\\path-to-regexp\\dist\\index.js:123:15)\n' +
    '    at consume (D:\\FYP\\PlantCo_Backend\\node_modules\\path-to-regexp\\dist\\index.js:179:16)\n' +
    '    at parse (D:\\FYP\\PlantCo_Backend\\node_modules\\path-to-regexp\\dist\\index.js:183:20)\n' +
    '    at D:\\FYP\\PlantCo_Backend\\node_modules\\path-to-regexp\\dist\\index.js:294:74\n' +
    '    at Array.map (<anonymous>)\n' +
    '    at pathToRegexp (D:\\FYP\\PlantCo_Backend\\node_modules\\path-to-regexp\\dist\\index.js:294:25)\n' +
    '    at Object.match (D:\\FYP\\PlantCo_Backend\\node_modules\\path-to-regexp\\dist\\index.js:264:30)\n' +
    '    at matcher (D:\\FYP\\PlantCo_Backend\\node_modules\\router\\lib\\layer.js:86:23)\n' +
    '    at new Layer (D:\\FYP\\PlantCo_Backend\\node_modules\\router\\lib\\layer.js:93:62)\n' +
    '    at Function.route (D:\\FYP\\PlantCo_Backend\\node_modules\\router\\index.js:428:17)',
  level: 'error',
  timestamp: '2025-10-27 00:33:24'
}
{
  error: TypeError: Unexpected ( at 4, expected END: https://git.new/pathToRegexpError
      at Iter.consume (D:\FYP\PlantCo_Backend\node_modules\path-to-regexp\dist\index.js:123:15)
      at consume (D:\FYP\PlantCo_Backend\node_modules\path-to-regexp\dist\index.js:179:16)
      at parse (D:\FYP\PlantCo_Backend\node_modules\path-to-regexp\dist\index.js:183:20)
      at D:\FYP\PlantCo_Backend\node_modules\path-to-regexp\dist\index.js:294:74
      at Array.map (<anonymous>)
      at pathToRegexp (D:\FYP\PlantCo_Backend\node_modules\path-to-regexp\dist\index.js:294:25)
      at Object.match (D:\FYP\PlantCo_Backend\node_modules\path-to-regexp\dist\index.js:264:30)
      at matcher (D:\FYP\PlantCo_Backend\node_modules\router\lib\layer.js:86:23)
      at new Layer (D:\FYP\PlantCo_Backend\node_modules\router\lib\layer.js:93:62)
      at Function.route (D:\FYP\PlantCo_Backend\node_modules\router\index.js:428:17),
  level: 'error',
  message: 'uncaughtException: Unexpected ( at 4, expected END: https://git.new/pathToRegexpError\n' +
    'TypeError: Unexpected ( at 4, expected END: https://git.new/pathToRegexpError\n' +
    '    at Iter.consume (D:\\FYP\\PlantCo_Backend\\node_modules\\path-to-regexp\\dist\\index.js:123:15)\n' +
    '    at consume (D:\\FYP\\PlantCo_Backend\\node_modules\\path-to-regexp\\dist\\index.js:179:16)\n' +
    '    at parse (D:\\FYP\\PlantCo_Backend\\node_modules\\path-to-regexp\\dist\\index.js:183:20)\n' +
    '    at D:\\FYP\\PlantCo_Backend\\node_modules\\path-to-regexp\\dist\\index.js:294:74\n' +
    '    at Array.map (<anonymous>)\n' +
    '    at pathToRegexp (D:\\FYP\\PlantCo_Backend\\node_modules\\path-to-regexp\\dist\\index.js:294:25)\n' +
    '    at Object.match (D:\\FYP\\PlantCo_Backend\\node_modules\\path-to-regexp\\dist\\index.js:264:30)\n' +
    '    at matcher (D:\\FYP\\PlantCo_Backend\\node_modules\\router\\lib\\layer.js:86:23)\n' +
    '    at new Layer (D:\\FYP\\PlantCo_Backend\\node_modules\\router\\lib\\layer.js:93:62)\n' +
    '    at Function.route (D:\\FYP\\PlantCo_Backend\\node_modules\\router\\index.js:428:17)',
  stack: 'TypeError: Unexpected ( at 4, expected END: https://git.new/pathToRegexpError\n' +
    '    at Iter.consume (D:\\FYP\\PlantCo_Backend\\node_modules\\path-to-regexp\\dist\\index.js:123:15)\n' +
    '    at consume (D:\\FYP\\PlantCo_Backend\\node_modules\\path-to-regexp\\dist\\index.js:179:16)\n' +
    '    at parse (D:\\FYP\\PlantCo_Backend\\node_modules\\path-to-regexp\\dist\\index.js:183:20)\n' +
    '    at D:\\FYP\\PlantCo_Backend\\node_modules\\path-to-regexp\\dist\\index.js:294:74\n' +
    '    at Array.map (<anonymous>)\n' +
    '    at pathToRegexp (D:\\FYP\\PlantCo_Backend\\node_modules\\path-to-regexp\\dist\\index.js:294:25)\n' +
    '    at Object.match (D:\\FYP\\PlantCo_Backend\\node_modules\\path-to-regexp\\dist\\index.js:264:30)\n' +
    '    at matcher (D:\\FYP\\PlantCo_Backend\\node_modules\\router\\lib\\layer.js:86:23)\n' +
    '    at new Layer (D:\\FYP\\PlantCo_Backend\\node_modules\\router\\lib\\layer.js:93:62)\n' +
    '    at Function.route (D:\\FYP\\PlantCo_Backend\\node_modules\\router\\index.js:428:17)',
  exception: true,
  date: 'Mon Oct 27 2025 00:33:40 GMT+0500 (Pakistan Standard Time)',
  process: {
    pid: 25340,
    uid: null,
    gid: null,
    cwd: 'D:\\FYP\\PlantCo_Backend',
    execPath: 'C:\\Program Files\\nodejs\\node.exe',
    version: 'v22.17.1',
    argv: [
      'C:\\Program Files\\nodejs\\node.exe',
      'D:\\FYP\\PlantCo_Backend\\server.js'
    ],
    memoryUsage: {
      rss: 108228608,
      heapTotal: 62939136,
      heapUsed: 43032544,
      external: 20866973,
      arrayBuffers: 18297248
    }
  },
  os: { loadavg: [ 0, 0, 0 ], uptime: 1063647.515 },
  trace: [
    {
      column: 15,
      file: 'D:\\FYP\\PlantCo_Backend\\node_modules\\path-to-regexp\\dist\\index.js',
      function: 'Iter.consume',
      line: 123,
      method: 'consume',
      native: false
    },
    {
      column: 16,
      file: 'D:\\FYP\\PlantCo_Backend\\node_modules\\path-to-regexp\\dist\\index.js',
      function: 'consume',
      line: 179,
      method: null,
      native: false
    },
    {
      column: 20,
      file: 'D:\\FYP\\PlantCo_Backend\\node_modules\\path-to-regexp\\dist\\index.js',
      function: 'parse',
      line: 183,
      method: null,
      native: false
    },
    {
      column: 74,
      file: 'D:\\FYP\\PlantCo_Backend\\node_modules\\path-to-regexp\\dist\\index.js',
      function: null,
      line: 294,
      method: null,
      native: false
    },
    {
      column: null,
      file: null,
      function: 'Array.map',
      line: null,
      method: 'map',
      native: false
    },
    {
      column: 25,
      file: 'D:\\FYP\\PlantCo_Backend\\node_modules\\path-to-regexp\\dist\\index.js',
      function: 'pathToRegexp',
      line: 294,
      method: null,
      native: false
    },
    {
      column: 30,
      file: 'D:\\FYP\\PlantCo_Backend\\node_modules\\path-to-regexp\\dist\\index.js',
      function: 'Object.match',
      line: 264,
      method: 'match',
      native: false
    },
    {
      column: 23,
      file: 'D:\\FYP\\PlantCo_Backend\\node_modules\\router\\lib\\layer.js',
      function: 'matcher',
      line: 86,
      method: null,
      native: false
    },
    {
      column: 62,
      file: 'D:\\FYP\\PlantCo_Backend\\node_modules\\router\\lib\\layer.js',
      function: 'new Layer',
      line: 93,
      method: null,
      native: false
    },
    {
      column: 17,
      file: 'D:\\FYP\\PlantCo_Backend\\node_modules\\router\\index.js',
      function: 'Function.route',
      line: 428,
      method: 'route',
      native: false
    }
  ],
  timestamp: '2025-10-27 00:33:40'
}
{
  message: 'Unexpected ( at 4, expected END: https://git.new/pathToRegexpError',
  stack: 'TypeError: Unexpected ( at 4, expected END: https://git.new/pathToRegexpError\n' +
    '    at Iter.consume (D:\\FYP\\PlantCo_Backend\\node_modules\\path-to-regexp\\dist\\index.js:123:15)\n' +
    '    at consume (D:\\FYP\\PlantCo_Backend\\node_modules\\path-to-regexp\\dist\\index.js:179:16)\n' +
    '    at parse (D:\\FYP\\PlantCo_Backend\\node_modules\\path-to-regexp\\dist\\index.js:183:20)\n' +
    '    at D:\\FYP\\PlantCo_Backend\\node_modules\\path-to-regexp\\dist\\index.js:294:74\n' +
    '    at Array.map (<anonymous>)\n' +
    '    at pathToRegexp (D:\\FYP\\PlantCo_Backend\\node_modules\\path-to-regexp\\dist\\index.js:294:25)\n' +
    '    at Object.match (D:\\FYP\\PlantCo_Backend\\node_modules\\path-to-regexp\\dist\\index.js:264:30)\n' +
    '    at matcher (D:\\FYP\\PlantCo_Backend\\node_modules\\router\\lib\\layer.js:86:23)\n' +
    '    at new Layer (D:\\FYP\\PlantCo_Backend\\node_modules\\router\\lib\\layer.js:93:62)\n' +
    '    at Function.route (D:\\FYP\\PlantCo_Backend\\node_modules\\router\\index.js:428:17)',
  level: 'error',
  timestamp: '2025-10-27 00:33:40'
}
{
  error: TypeError: Unexpected ( at 4, expected END: https://git.new/pathToRegexpError
      at Iter.consume (D:\FYP\PlantCo_Backend\node_modules\path-to-regexp\dist\index.js:123:15)
      at consume (D:\FYP\PlantCo_Backend\node_modules\path-to-regexp\dist\index.js:179:16)
      at parse (D:\FYP\PlantCo_Backend\node_modules\path-to-regexp\dist\index.js:183:20)
      at D:\FYP\PlantCo_Backend\node_modules\path-to-regexp\dist\index.js:294:74
      at Array.map (<anonymous>)
      at pathToRegexp (D:\FYP\PlantCo_Backend\node_modules\path-to-regexp\dist\index.js:294:25)
      at Object.match (D:\FYP\PlantCo_Backend\node_modules\path-to-regexp\dist\index.js:264:30)
      at matcher (D:\FYP\PlantCo_Backend\node_modules\router\lib\layer.js:86:23)
      at new Layer (D:\FYP\PlantCo_Backend\node_modules\router\lib\layer.js:93:62)
      at Function.route (D:\FYP\PlantCo_Backend\node_modules\router\index.js:428:17),
  level: 'error',
  message: 'uncaughtException: Unexpected ( at 4, expected END: https://git.new/pathToRegexpError\n' +
    'TypeError: Unexpected ( at 4, expected END: https://git.new/pathToRegexpError\n' +
    '    at Iter.consume (D:\\FYP\\PlantCo_Backend\\node_modules\\path-to-regexp\\dist\\index.js:123:15)\n' +
    '    at consume (D:\\FYP\\PlantCo_Backend\\node_modules\\path-to-regexp\\dist\\index.js:179:16)\n' +
    '    at parse (D:\\FYP\\PlantCo_Backend\\node_modules\\path-to-regexp\\dist\\index.js:183:20)\n' +
    '    at D:\\FYP\\PlantCo_Backend\\node_modules\\path-to-regexp\\dist\\index.js:294:74\n' +
    '    at Array.map (<anonymous>)\n' +
    '    at pathToRegexp (D:\\FYP\\PlantCo_Backend\\node_modules\\path-to-regexp\\dist\\index.js:294:25)\n' +
    '    at Object.match (D:\\FYP\\PlantCo_Backend\\node_modules\\path-to-regexp\\dist\\index.js:264:30)\n' +
    '    at matcher (D:\\FYP\\PlantCo_Backend\\node_modules\\router\\lib\\layer.js:86:23)\n' +
    '    at new Layer (D:\\FYP\\PlantCo_Backend\\node_modules\\router\\lib\\layer.js:93:62)\n' +
    '    at Function.route (D:\\FYP\\PlantCo_Backend\\node_modules\\router\\index.js:428:17)',
  stack: 'TypeError: Unexpected ( at 4, expected END: https://git.new/pathToRegexpError\n' +
    '    at Iter.consume (D:\\FYP\\PlantCo_Backend\\node_modules\\path-to-regexp\\dist\\index.js:123:15)\n' +
    '    at consume (D:\\FYP\\PlantCo_Backend\\node_modules\\path-to-regexp\\dist\\index.js:179:16)\n' +
    '    at parse (D:\\FYP\\PlantCo_Backend\\node_modules\\path-to-regexp\\dist\\index.js:183:20)\n' +
    '    at D:\\FYP\\PlantCo_Backend\\node_modules\\path-to-regexp\\dist\\index.js:294:74\n' +
    '    at Array.map (<anonymous>)\n' +
    '    at pathToRegexp (D:\\FYP\\PlantCo_Backend\\node_modules\\path-to-regexp\\dist\\index.js:294:25)\n' +
    '    at Object.match (D:\\FYP\\PlantCo_Backend\\node_modules\\path-to-regexp\\dist\\index.js:264:30)\n' +
    '    at matcher (D:\\FYP\\PlantCo_Backend\\node_modules\\router\\lib\\layer.js:86:23)\n' +
    '    at new Layer (D:\\FYP\\PlantCo_Backend\\node_modules\\router\\lib\\layer.js:93:62)\n' +
    '    at Function.route (D:\\FYP\\PlantCo_Backend\\node_modules\\router\\index.js:428:17)',
  exception: true,
  date: 'Mon Oct 27 2025 00:33:49 GMT+0500 (Pakistan Standard Time)',
  process: {
    pid: 15532,
    uid: null,
    gid: null,
    cwd: 'D:\\FYP\\PlantCo_Backend',
    execPath: 'C:\\Program Files\\nodejs\\node.exe',
    version: 'v22.17.1',
    argv: [
      'C:\\Program Files\\nodejs\\node.exe',
      'D:\\FYP\\PlantCo_Backend\\server.js'
    ],
    memoryUsage: {
      rss: 108019712,
      heapTotal: 62939136,
      heapUsed: 43075808,
      external: 20866973,
      arrayBuffers: 18297248
    }
  },
  os: { loadavg: [ 0, 0, 0 ], uptime: 1063656.296 },
  trace: [
    {
      column: 15,
      file: 'D:\\FYP\\PlantCo_Backend\\node_modules\\path-to-regexp\\dist\\index.js',
      function: 'Iter.consume',
      line: 123,
      method: 'consume',
      native: false
    },
    {
      column: 16,
      file: 'D:\\FYP\\PlantCo_Backend\\node_modules\\path-to-regexp\\dist\\index.js',
      function: 'consume',
      line: 179,
      method: null,
      native: false
    },
    {
      column: 20,
      file: 'D:\\FYP\\PlantCo_Backend\\node_modules\\path-to-regexp\\dist\\index.js',
      function: 'parse',
      line: 183,
      method: null,
      native: false
    },
    {
      column: 74,
      file: 'D:\\FYP\\PlantCo_Backend\\node_modules\\path-to-regexp\\dist\\index.js',
      function: null,
      line: 294,
      method: null,
      native: false
    },
    {
      column: null,
      file: null,
      function: 'Array.map',
      line: null,
      method: 'map',
      native: false
    },
    {
      column: 25,
      file: 'D:\\FYP\\PlantCo_Backend\\node_modules\\path-to-regexp\\dist\\index.js',
      function: 'pathToRegexp',
      line: 294,
      method: null,
      native: false
    },
    {
      column: 30,
      file: 'D:\\FYP\\PlantCo_Backend\\node_modules\\path-to-regexp\\dist\\index.js',
      function: 'Object.match',
      line: 264,
      method: 'match',
      native: false
    },
    {
      column: 23,
      file: 'D:\\FYP\\PlantCo_Backend\\node_modules\\router\\lib\\layer.js',
      function: 'matcher',
      line: 86,
      method: null,
      native: false
    },
    {
      column: 62,
      file: 'D:\\FYP\\PlantCo_Backend\\node_modules\\router\\lib\\layer.js',
      function: 'new Layer',
      line: 93,
      method: null,
      native: false
    },
    {
      column: 17,
      file: 'D:\\FYP\\PlantCo_Backend\\node_modules\\router\\index.js',
      function: 'Function.route',
      line: 428,
      method: 'route',
      native: false
    }
  ],
  timestamp: '2025-10-27 00:33:49'
}
{
  message: 'Unexpected ( at 4, expected END: https://git.new/pathToRegexpError',
  stack: 'TypeError: Unexpected ( at 4, expected END: https://git.new/pathToRegexpError\n' +
    '    at Iter.consume (D:\\FYP\\PlantCo_Backend\\node_modules\\path-to-regexp\\dist\\index.js:123:15)\n' +
    '    at consume (D:\\FYP\\PlantCo_Backend\\node_modules\\path-to-regexp\\dist\\index.js:179:16)\n' +
    '    at parse (D:\\FYP\\PlantCo_Backend\\node_modules\\path-to-regexp\\dist\\index.js:183:20)\n' +
    '    at D:\\FYP\\PlantCo_Backend\\node_modules\\path-to-regexp\\dist\\index.js:294:74\n' +
    '    at Array.map (<anonymous>)\n' +
    '    at pathToRegexp (D:\\FYP\\PlantCo_Backend\\node_modules\\path-to-regexp\\dist\\index.js:294:25)\n' +
    '    at Object.match (D:\\FYP\\PlantCo_Backend\\node_modules\\path-to-regexp\\dist\\index.js:264:30)\n' +
    '    at matcher (D:\\FYP\\PlantCo_Backend\\node_modules\\router\\lib\\layer.js:86:23)\n' +
    '    at new Layer (D:\\FYP\\PlantCo_Backend\\node_modules\\router\\lib\\layer.js:93:62)\n' +
    '    at Function.route (D:\\FYP\\PlantCo_Backend\\node_modules\\router\\index.js:428:17)',
  level: 'error',
  timestamp: '2025-10-27 00:33:49'
}
{
  error: TypeError: Unexpected ( at 4, expected END: https://git.new/pathToRegexpError
      at Iter.consume (D:\FYP\PlantCo_Backend\node_modules\path-to-regexp\dist\index.js:123:15)
      at consume (D:\FYP\PlantCo_Backend\node_modules\path-to-regexp\dist\index.js:179:16)
      at parse (D:\FYP\PlantCo_Backend\node_modules\path-to-regexp\dist\index.js:183:20)
      at D:\FYP\PlantCo_Backend\node_modules\path-to-regexp\dist\index.js:294:74
      at Array.map (<anonymous>)
      at pathToRegexp (D:\FYP\PlantCo_Backend\node_modules\path-to-regexp\dist\index.js:294:25)
      at Object.match (D:\FYP\PlantCo_Backend\node_modules\path-to-regexp\dist\index.js:264:30)
      at matcher (D:\FYP\PlantCo_Backend\node_modules\router\lib\layer.js:86:23)
      at new Layer (D:\FYP\PlantCo_Backend\node_modules\router\lib\layer.js:93:62)
      at Function.route (D:\FYP\PlantCo_Backend\node_modules\router\index.js:428:17),
  level: 'error',
  message: 'uncaughtException: Unexpected ( at 4, expected END: https://git.new/pathToRegexpError\n' +
    'TypeError: Unexpected ( at 4, expected END: https://git.new/pathToRegexpError\n' +
    '    at Iter.consume (D:\\FYP\\PlantCo_Backend\\node_modules\\path-to-regexp\\dist\\index.js:123:15)\n' +
    '    at consume (D:\\FYP\\PlantCo_Backend\\node_modules\\path-to-regexp\\dist\\index.js:179:16)\n' +
    '    at parse (D:\\FYP\\PlantCo_Backend\\node_modules\\path-to-regexp\\dist\\index.js:183:20)\n' +
    '    at D:\\FYP\\PlantCo_Backend\\node_modules\\path-to-regexp\\dist\\index.js:294:74\n' +
    '    at Array.map (<anonymous>)\n' +
    '    at pathToRegexp (D:\\FYP\\PlantCo_Backend\\node_modules\\path-to-regexp\\dist\\index.js:294:25)\n' +
    '    at Object.match (D:\\FYP\\PlantCo_Backend\\node_modules\\path-to-regexp\\dist\\index.js:264:30)\n' +
    '    at matcher (D:\\FYP\\PlantCo_Backend\\node_modules\\router\\lib\\layer.js:86:23)\n' +
    '    at new Layer (D:\\FYP\\PlantCo_Backend\\node_modules\\router\\lib\\layer.js:93:62)\n' +
    '    at Function.route (D:\\FYP\\PlantCo_Backend\\node_modules\\router\\index.js:428:17)',
  stack: 'TypeError: Unexpected ( at 4, expected END: https://git.new/pathToRegexpError\n' +
    '    at Iter.consume (D:\\FYP\\PlantCo_Backend\\node_modules\\path-to-regexp\\dist\\index.js:123:15)\n' +
    '    at consume (D:\\FYP\\PlantCo_Backend\\node_modules\\path-to-regexp\\dist\\index.js:179:16)\n' +
    '    at parse (D:\\FYP\\PlantCo_Backend\\node_modules\\path-to-regexp\\dist\\index.js:183:20)\n' +
    '    at D:\\FYP\\PlantCo_Backend\\node_modules\\path-to-regexp\\dist\\index.js:294:74\n' +
    '    at Array.map (<anonymous>)\n' +
    '    at pathToRegexp (D:\\FYP\\PlantCo_Backend\\node_modules\\path-to-regexp\\dist\\index.js:294:25)\n' +
    '    at Object.match (D:\\FYP\\PlantCo_Backend\\node_modules\\path-to-regexp\\dist\\index.js:264:30)\n' +
    '    at matcher (D:\\FYP\\PlantCo_Backend\\node_modules\\router\\lib\\layer.js:86:23)\n' +
    '    at new Layer (D:\\FYP\\PlantCo_Backend\\node_modules\\router\\lib\\layer.js:93:62)\n' +
    '    at Function.route (D:\\FYP\\PlantCo_Backend\\node_modules\\router\\index.js:428:17)',
  exception: true,
  date: 'Mon Oct 27 2025 00:33:57 GMT+0500 (Pakistan Standard Time)',
  process: {
    pid: 24444,
    uid: null,
    gid: null,
    cwd: 'D:\\FYP\\PlantCo_Backend',
    execPath: 'C:\\Program Files\\nodejs\\node.exe',
    version: 'v22.17.1',
    argv: [
      'C:\\Program Files\\nodejs\\node.exe',
      'D:\\FYP\\PlantCo_Backend\\server.js'
    ],
    memoryUsage: {
      rss: 108781568,
      heapTotal: 62939136,
      heapUsed: 43964688,
      external: 20866973,
      arrayBuffers: 18297248
    }
  },
  os: { loadavg: [ 0, 0, 0 ], uptime: 1063663.937 },
  trace: [
    {
      column: 15,
      file: 'D:\\FYP\\PlantCo_Backend\\node_modules\\path-to-regexp\\dist\\index.js',
      function: 'Iter.consume',
      line: 123,
      method: 'consume',
      native: false
    },
    {
      column: 16,
      file: 'D:\\FYP\\PlantCo_Backend\\node_modules\\path-to-regexp\\dist\\index.js',
      function: 'consume',
      line: 179,
      method: null,
      native: false
    },
    {
      column: 20,
      file: 'D:\\FYP\\PlantCo_Backend\\node_modules\\path-to-regexp\\dist\\index.js',
      function: 'parse',
      line: 183,
      method: null,
      native: false
    },
    {
      column: 74,
      file: 'D:\\FYP\\PlantCo_Backend\\node_modules\\path-to-regexp\\dist\\index.js',
      function: null,
      line: 294,
      method: null,
      native: false
    },
    {
      column: null,
      file: null,
      function: 'Array.map',
      line: null,
      method: 'map',
      native: false
    },
    {
      column: 25,
      file: 'D:\\FYP\\PlantCo_Backend\\node_modules\\path-to-regexp\\dist\\index.js',
      function: 'pathToRegexp',
      line: 294,
      method: null,
      native: false
    },
    {
      column: 30,
      file: 'D:\\FYP\\PlantCo_Backend\\node_modules\\path-to-regexp\\dist\\index.js',
      function: 'Object.match',
      line: 264,
      method: 'match',
      native: false
    },
    {
      column: 23,
      file: 'D:\\FYP\\PlantCo_Backend\\node_modules\\router\\lib\\layer.js',
      function: 'matcher',
      line: 86,
      method: null,
      native: false
    },
    {
      column: 62,
      file: 'D:\\FYP\\PlantCo_Backend\\node_modules\\router\\lib\\layer.js',
      function: 'new Layer',
      line: 93,
      method: null,
      native: false
    },
    {
      column: 17,
      file: 'D:\\FYP\\PlantCo_Backend\\node_modules\\router\\index.js',
      function: 'Function.route',
      line: 428,
      method: 'route',
      native: false
    }
  ],
  timestamp: '2025-10-27 00:33:57'
}
{
  message: 'Unexpected ( at 4, expected END: https://git.new/pathToRegexpError',
  stack: 'TypeError: Unexpected ( at 4, expected END: https://git.new/pathToRegexpError\n' +
    '    at Iter.consume (D:\\FYP\\PlantCo_Backend\\node_modules\\path-to-regexp\\dist\\index.js:123:15)\n' +
    '    at consume (D:\\FYP\\PlantCo_Backend\\node_modules\\path-to-regexp\\dist\\index.js:179:16)\n' +
    '    at parse (D:\\FYP\\PlantCo_Backend\\node_modules\\path-to-regexp\\dist\\index.js:183:20)\n' +
    '    at D:\\FYP\\PlantCo_Backend\\node_modules\\path-to-regexp\\dist\\index.js:294:74\n' +
    '    at Array.map (<anonymous>)\n' +
    '    at pathToRegexp (D:\\FYP\\PlantCo_Backend\\node_modules\\path-to-regexp\\dist\\index.js:294:25)\n' +
    '    at Object.match (D:\\FYP\\PlantCo_Backend\\node_modules\\path-to-regexp\\dist\\index.js:264:30)\n' +
    '    at matcher (D:\\FYP\\PlantCo_Backend\\node_modules\\router\\lib\\layer.js:86:23)\n' +
    '    at new Layer (D:\\FYP\\PlantCo_Backend\\node_modules\\router\\lib\\layer.js:93:62)\n' +
    '    at Function.route (D:\\FYP\\PlantCo_Backend\\node_modules\\router\\index.js:428:17)',
  level: 'error',
  timestamp: '2025-10-27 00:33:57'
}
{
  method: 'POST',
  url: '/api/categories',
  ip: '127.0.0.1',
  userAgent: undefined,
  statusCode: 403,
  message: 'Access denied: Only admin, vendor allowed',
  userId: new ObjectId('68dcbc7ca235be51b37bb901'),
  level: 'error',
  timestamp: '2025-10-27 09:26:29'
}
{
  method: 'POST',
  url: '/api/categories',
  ip: '127.0.0.1',
  userAgent: undefined,
  statusCode: 400,
  message: 'Validation Error: Path `slug` is required., Path `name` is required.',
  userId: new ObjectId('68e2335ee62ae8d6a5072fe5'),
  level: 'error',
  timestamp: '2025-10-27 09:26:49'
}
{
  method: 'POST',
  url: '/api/categories',
  ip: '127.0.0.1',
  userAgent: undefined,
  statusCode: 400,
  message: 'Validation Error: Path `name` is required.',
  userId: new ObjectId('68e2335ee62ae8d6a5072fe5'),
  level: 'error',
  timestamp: '2025-10-27 09:28:46'
}
{
  method: 'POST',
  url: '/api/categories',
  ip: '127.0.0.1',
  userAgent: undefined,
  statusCode: 400,
  message: 'Validation Error: Path `name` is required.',
  userId: new ObjectId('68e2335ee62ae8d6a5072fe5'),
  level: 'error',
  timestamp: '2025-10-27 09:29:51'
}
{
  method: 'POST',
  url: '/api/categories',
  ip: '127.0.0.1',
  userAgent: undefined,
  statusCode: 400,
  message: 'Validation Error: Path `name` is required.',
  userId: new ObjectId('68e2335ee62ae8d6a5072fe5'),
  level: 'error',
  timestamp: '2025-10-27 09:33:09'
}
{
  method: 'POST',
  url: '/api/categories',
  ip: '127.0.0.1',
  userAgent: undefined,
  statusCode: 400,
  message: 'Validation Error: Path `name` is required.',
  userId: new ObjectId('68e2335ee62ae8d6a5072fe5'),
  level: 'error',
  timestamp: '2025-10-27 09:33:35'
}
{
  method: 'POST',
  url: '/api/categories',
  ip: '127.0.0.1',
  userAgent: undefined,
  statusCode: 400,
  message: 'Validation Error: Path `name` is required.',
  userId: new ObjectId('68e2335ee62ae8d6a5072fe5'),
  level: 'error',
  timestamp: '2025-10-27 09:37:19'
}
{
  method: 'POST',
  url: '/api/categories',
  ip: '127.0.0.1',
  userAgent: undefined,
  statusCode: 400,
  message: 'Validation Error: Path `name` is required.',
  userId: new ObjectId('68e2335ee62ae8d6a5072fe5'),
  level: 'error',
  timestamp: '2025-10-27 09:38:07'
}
{
  method: 'POST',
  url: '/api/categories',
  ip: '127.0.0.1',
  userAgent: undefined,
  statusCode: 409,
  message: "parent 'null' already exists",
  userId: new ObjectId('68e2335ee62ae8d6a5072fe5'),
  level: 'error',
  timestamp: '2025-10-27 10:03:14'
}
{
  method: 'POST',
  url: '/api/categories',
  ip: '127.0.0.1',
  userAgent: undefined,
  statusCode: 409,
  message: "parent 'null' already exists",
  userId: new ObjectId('68e2335ee62ae8d6a5072fe5'),
  level: 'error',
  timestamp: '2025-10-27 10:03:37'
}
{
  method: 'POST',
  url: '/api/categories',
  ip: '127.0.0.1',
  userAgent: undefined,
  statusCode: 409,
  message: "parent 'null' already exists",
  userId: new ObjectId('68e2335ee62ae8d6a5072fe5'),
  level: 'error',
  timestamp: '2025-10-27 10:03:48'
}
{
  method: 'POST',
  url: '/api/categories',
  ip: '127.0.0.1',
  userAgent: undefined,
  statusCode: 409,
  message: "parent 'null' already exists",
  userId: new ObjectId('68e2335ee62ae8d6a5072fe5'),
  level: 'error',
  timestamp: '2025-10-27 10:04:07'
}
{
  method: 'GET',
  url: '/api/categories/slug/fruity-plants',
  ip: '127.0.0.1',
  userAgent: undefined,
  statusCode: 404,
  message: 'Category not found',
  userId: 'Anonymous',
  level: 'error',
  timestamp: '2025-10-27 10:55:37'
}
{
  method: 'DELETE',
  url: '/api/categories/68ff015e3f8dc708b3b552f9',
  ip: '127.0.0.1',
  userAgent: undefined,
  statusCode: 401,
  message: 'No token provided',
  userId: 'Anonymous',
  level: 'error',
  timestamp: '2025-10-27 11:00:55'
}
{
  method: 'GET',
  url: '/api/cart',
  ip: '192.168.100.45',
  userAgent: 'okhttp/4.12.0',
  statusCode: 404,
  message: "Can't find /api/cart on this server",
  userId: 'Anonymous',
  level: 'error',
  timestamp: '2025-11-01 18:21:03'
}
{
  error: ReferenceError: catchAsync is not defined
      at <instance_members_initializer> (file:///D:/FYP/PlantCo_Backend/controllers/cart.controller.js:182:14)
      at new CartController (file:///D:/FYP/PlantCo_Backend/controllers/cart.controller.js:4:1)
      at file:///D:/FYP/PlantCo_Backend/controllers/cart.controller.js:196:16
      at ModuleJob.run (node:internal/modules/esm/module_job:329:25)
      at async onImport.tracePromise.__proto__ (node:internal/modules/esm/loader:644:26)
      at async asyncRunEntryPointWithESMLoader (node:internal/modules/run_main:117:5),
  level: 'error',
  message: 'uncaughtException: catchAsync is not defined\n' +
    'ReferenceError: catchAsync is not defined\n' +
    '    at <instance_members_initializer> (file:///D:/FYP/PlantCo_Backend/controllers/cart.controller.js:182:14)\n' +
    '    at new CartController (file:///D:/FYP/PlantCo_Backend/controllers/cart.controller.js:4:1)\n' +
    '    at file:///D:/FYP/PlantCo_Backend/controllers/cart.controller.js:196:16\n' +
    '    at ModuleJob.run (node:internal/modules/esm/module_job:329:25)\n' +
    '    at async onImport.tracePromise.__proto__ (node:internal/modules/esm/loader:644:26)\n' +
    '    at async asyncRunEntryPointWithESMLoader (node:internal/modules/run_main:117:5)',
  stack: 'ReferenceError: catchAsync is not defined\n' +
    '    at <instance_members_initializer> (file:///D:/FYP/PlantCo_Backend/controllers/cart.controller.js:182:14)\n' +
    '    at new CartController (file:///D:/FYP/PlantCo_Backend/controllers/cart.controller.js:4:1)\n' +
    '    at file:///D:/FYP/PlantCo_Backend/controllers/cart.controller.js:196:16\n' +
    '    at ModuleJob.run (node:internal/modules/esm/module_job:329:25)\n' +
    '    at async onImport.tracePromise.__proto__ (node:internal/modules/esm/loader:644:26)\n' +
    '    at async asyncRunEntryPointWithESMLoader (node:internal/modules/run_main:117:5)',
  exception: true,
  date: 'Sun Nov 02 2025 01:01:08 GMT+0500 (Pakistan Standard Time)',
  process: {
    pid: 19980,
    uid: null,
    gid: null,
    cwd: 'D:\\FYP\\PlantCo_Backend',
    execPath: 'C:\\Program Files\\nodejs\\node.exe',
    version: 'v22.17.1',
    argv: [
      'C:\\Program Files\\nodejs\\node.exe',
      'D:\\FYP\\PlantCo_Backend\\server.js'
    ],
    memoryUsage: {
      rss: 119660544,
      heapTotal: 70803456,
      heapUsed: 46967952,
      external: 20866973,
      arrayBuffers: 18297247
    }
  },
  os: { loadavg: [ 0, 0, 0 ], uptime: 478404.671 },
  trace: [
    {
      column: 14,
      file: 'file:///D:/FYP/PlantCo_Backend/controllers/cart.controller.js',
      function: '<instance_members_initializer>',
      line: 182,
      method: null,
      native: false
    },
    {
      column: 1,
      file: 'file:///D:/FYP/PlantCo_Backend/controllers/cart.controller.js',
      function: 'new CartController',
      line: 4,
      method: null,
      native: false
    },
    {
      column: 16,
      file: 'file:///D:/FYP/PlantCo_Backend/controllers/cart.controller.js',
      function: null,
      line: 196,
      method: null,
      native: false
    },
    {
      column: 25,
      file: 'node:internal/modules/esm/module_job',
      function: 'ModuleJob.run',
      line: 329,
      method: 'run',
      native: false
    },
    {
      column: 26,
      file: 'node:internal/modules/esm/loader',
      function: 'async onImport.tracePromise.__proto__',
      line: 644,
      method: '__proto__',
      native: false
    },
    {
      column: 5,
      file: 'node:internal/modules/run_main',
      function: 'async asyncRunEntryPointWithESMLoader',
      line: 117,
      method: null,
      native: false
    }
  ],
  timestamp: '2025-11-02 01:01:08'
}
{
  message: 'catchAsync is not defined',
  stack: 'ReferenceError: catchAsync is not defined\n' +
    '    at <instance_members_initializer> (file:///D:/FYP/PlantCo_Backend/controllers/cart.controller.js:182:14)\n' +
    '    at new CartController (file:///D:/FYP/PlantCo_Backend/controllers/cart.controller.js:4:1)\n' +
    '    at file:///D:/FYP/PlantCo_Backend/controllers/cart.controller.js:196:16\n' +
    '    at ModuleJob.run (node:internal/modules/esm/module_job:329:25)\n' +
    '    at async onImport.tracePromise.__proto__ (node:internal/modules/esm/loader:644:26)\n' +
    '    at async asyncRunEntryPointWithESMLoader (node:internal/modules/run_main:117:5)',
  level: 'error',
  timestamp: '2025-11-02 01:01:08'
}
{
  error: ReferenceError: catchAsync is not defined
      at <instance_members_initializer> (file:///D:/FYP/PlantCo_Backend/controllers/cart.controller.js:182:14)
      at new CartController (file:///D:/FYP/PlantCo_Backend/controllers/cart.controller.js:4:1)
      at file:///D:/FYP/PlantCo_Backend/controllers/cart.controller.js:196:16
      at ModuleJob.run (node:internal/modules/esm/module_job:329:25)
      at async onImport.tracePromise.__proto__ (node:internal/modules/esm/loader:644:26)
      at async asyncRunEntryPointWithESMLoader (node:internal/modules/run_main:117:5),
  level: 'error',
  message: 'uncaughtException: catchAsync is not defined\n' +
    'ReferenceError: catchAsync is not defined\n' +
    '    at <instance_members_initializer> (file:///D:/FYP/PlantCo_Backend/controllers/cart.controller.js:182:14)\n' +
    '    at new CartController (file:///D:/FYP/PlantCo_Backend/controllers/cart.controller.js:4:1)\n' +
    '    at file:///D:/FYP/PlantCo_Backend/controllers/cart.controller.js:196:16\n' +
    '    at ModuleJob.run (node:internal/modules/esm/module_job:329:25)\n' +
    '    at async onImport.tracePromise.__proto__ (node:internal/modules/esm/loader:644:26)\n' +
    '    at async asyncRunEntryPointWithESMLoader (node:internal/modules/run_main:117:5)',
  stack: 'ReferenceError: catchAsync is not defined\n' +
    '    at <instance_members_initializer> (file:///D:/FYP/PlantCo_Backend/controllers/cart.controller.js:182:14)\n' +
    '    at new CartController (file:///D:/FYP/PlantCo_Backend/controllers/cart.controller.js:4:1)\n' +
    '    at file:///D:/FYP/PlantCo_Backend/controllers/cart.controller.js:196:16\n' +
    '    at ModuleJob.run (node:internal/modules/esm/module_job:329:25)\n' +
    '    at async onImport.tracePromise.__proto__ (node:internal/modules/esm/loader:644:26)\n' +
    '    at async asyncRunEntryPointWithESMLoader (node:internal/modules/run_main:117:5)',
  exception: true,
  date: 'Sun Nov 02 2025 01:01:42 GMT+0500 (Pakistan Standard Time)',
  process: {
    pid: 19752,
    uid: null,
    gid: null,
    cwd: 'D:\\FYP\\PlantCo_Backend',
    execPath: 'C:\\Program Files\\nodejs\\node.exe',
    version: 'v22.17.1',
    argv: [
      'C:\\Program Files\\nodejs\\node.exe',
      'D:\\FYP\\PlantCo_Backend\\server.js'
    ],
    memoryUsage: {
      rss: 119701504,
      heapTotal: 70803456,
      heapUsed: 46956792,
      external: 20866973,
      arrayBuffers: 18297247
    }
  },
  os: { loadavg: [ 0, 0, 0 ], uptime: 478438.109 },
  trace: [
    {
      column: 14,
      file: 'file:///D:/FYP/PlantCo_Backend/controllers/cart.controller.js',
      function: '<instance_members_initializer>',
      line: 182,
      method: null,
      native: false
    },
    {
      column: 1,
      file: 'file:///D:/FYP/PlantCo_Backend/controllers/cart.controller.js',
      function: 'new CartController',
      line: 4,
      method: null,
      native: false
    },
    {
      column: 16,
      file: 'file:///D:/FYP/PlantCo_Backend/controllers/cart.controller.js',
      function: null,
      line: 196,
      method: null,
      native: false
    },
    {
      column: 25,
      file: 'node:internal/modules/esm/module_job',
      function: 'ModuleJob.run',
      line: 329,
      method: 'run',
      native: false
    },
    {
      column: 26,
      file: 'node:internal/modules/esm/loader',
      function: 'async onImport.tracePromise.__proto__',
      line: 644,
      method: '__proto__',
      native: false
    },
    {
      column: 5,
      file: 'node:internal/modules/run_main',
      function: 'async asyncRunEntryPointWithESMLoader',
      line: 117,
      method: null,
      native: false
    }
  ],
  timestamp: '2025-11-02 01:01:42'
}
{
  message: 'catchAsync is not defined',
  stack: 'ReferenceError: catchAsync is not defined\n' +
    '    at <instance_members_initializer> (file:///D:/FYP/PlantCo_Backend/controllers/cart.controller.js:182:14)\n' +
    '    at new CartController (file:///D:/FYP/PlantCo_Backend/controllers/cart.controller.js:4:1)\n' +
    '    at file:///D:/FYP/PlantCo_Backend/controllers/cart.controller.js:196:16\n' +
    '    at ModuleJob.run (node:internal/modules/esm/module_job:329:25)\n' +
    '    at async onImport.tracePromise.__proto__ (node:internal/modules/esm/loader:644:26)\n' +
    '    at async asyncRunEntryPointWithESMLoader (node:internal/modules/run_main:117:5)',
  level: 'error',
  timestamp: '2025-11-02 01:01:42'
}
{
  method: 'GET',
  url: '/api/users/profile',
  ip: '192.168.100.45',
  userAgent: 'okhttp/4.12.0',
  statusCode: 401,
  message: 'Authentication token has expired',
  userId: 'Anonymous',
  level: 'error',
  timestamp: '2025-11-02 11:33:10'
}
{
  method: 'GET',
  url: '/api/cart',
  ip: '192.168.100.45',
  userAgent: 'okhttp/4.12.0',
  statusCode: 401,
  message: 'No token provided',
  userId: 'Anonymous',
  level: 'error',
  timestamp: '2025-11-02 11:33:29'
}
{
  method: 'PUT',
  url: '/api/cart/update/69070b9f1b87401fc213fd2a',
  ip: '192.168.100.45',
  userAgent: 'okhttp/4.12.0',
  statusCode: 404,
  message: 'Item not found in cart',
  userId: new ObjectId('68dcbc7ca235be51b37bb901'),
  level: 'error',
  timestamp: '2025-11-02 12:50:27'
}
{
  method: 'PUT',
  url: '/api/cart/update/69070b9f1b87401fc213fd2a',
  ip: '192.168.100.45',
  userAgent: 'okhttp/4.12.0',
  statusCode: 404,
  message: 'Item not found in cart',
  userId: new ObjectId('68dcbc7ca235be51b37bb901'),
  level: 'error',
  timestamp: '2025-11-02 12:55:24'
}
{
  method: 'PUT',
  url: '/api/cart/update/69070b9f1b87401fc213fd2a',
  ip: '192.168.100.45',
  userAgent: 'okhttp/4.12.0',
  statusCode: 404,
  message: 'Item not found in cart',
  userId: new ObjectId('68dcbc7ca235be51b37bb901'),
  level: 'error',
  timestamp: '2025-11-02 12:59:56'
}
{
  method: 'PUT',
  url: '/api/cart/update/69070b9f1b87401fc213fd2a',
  ip: '192.168.100.45',
  userAgent: 'okhttp/4.12.0',
  statusCode: 404,
  message: 'Item not found in cart',
  userId: new ObjectId('68dcbc7ca235be51b37bb901'),
  level: 'error',
  timestamp: '2025-11-02 13:04:14'
}
{
  method: 'GET',
  url: '/api/cart',
  ip: '192.168.100.45',
  userAgent: 'okhttp/4.12.0',
  statusCode: 500,
  message: 'Cannot populate path `items.itemId` because it is not in your schema. Set the `strictPopulate` option to false to override.',
  userId: new ObjectId('68dcbc7ca235be51b37bb901'),
  level: 'error',
  timestamp: '2025-11-02 13:24:05'
}
{
  method: 'DELETE',
  url: '/api/cart/remove/6906ff310c4bc154ea870c89',
  ip: '192.168.100.45',
  userAgent: 'okhttp/4.12.0',
  statusCode: 500,
  message: "Cannot read properties of undefined (reading 'toString')",
  userId: new ObjectId('68dcbc7ca235be51b37bb901'),
  level: 'error',
  timestamp: '2025-11-02 13:29:35'
}
{
  method: 'DELETE',
  url: '/api/cart/remove/69070b9f1b87401fc213fd2a',
  ip: '192.168.100.45',
  userAgent: 'okhttp/4.12.0',
  statusCode: 500,
  message: "Cannot read properties of undefined (reading 'toString')",
  userId: new ObjectId('68dcbc7ca235be51b37bb901'),
  level: 'error',
  timestamp: '2025-11-02 13:54:09'
}
{
  method: 'DELETE',
  url: '/api/cart/remove/69070b9f1b87401fc213fd2a',
  ip: '192.168.100.45',
  userAgent: 'okhttp/4.12.0',
  statusCode: 500,
  message: "Cannot read properties of undefined (reading 'toString')",
  userId: new ObjectId('68dcbc7ca235be51b37bb901'),
  level: 'error',
  timestamp: '2025-11-02 13:56:14'
}
{
  method: 'DELETE',
  url: '/api/cart/remove/69070b9f1b87401fc213fd2a',
  ip: '192.168.100.45',
  userAgent: 'okhttp/4.12.0',
  statusCode: 500,
  message: "Cannot read properties of undefined (reading 'toString')",
  userId: new ObjectId('68dcbc7ca235be51b37bb901'),
  level: 'error',
  timestamp: '2025-11-02 13:57:40'
}
{
  method: 'DELETE',
  url: '/api/cart/remove/69070b9f1b87401fc213fd2a',
  ip: '192.168.100.45',
  userAgent: 'okhttp/4.12.0',
  statusCode: 500,
  message: "Cannot read properties of undefined (reading 'toString')",
  userId: new ObjectId('68dcbc7ca235be51b37bb901'),
  level: 'error',
  timestamp: '2025-11-02 13:58:13'
}
{
  method: 'DELETE',
  url: '/api/cart/remove/69070b9f1b87401fc213fd2a',
  ip: '192.168.100.45',
  userAgent: 'okhttp/4.12.0',
  statusCode: 500,
  message: 'updatedCart is not defined',
  userId: new ObjectId('68dcbc7ca235be51b37bb901'),
  level: 'error',
  timestamp: '2025-11-02 13:59:10'
}
{
  method: 'POST',
  url: '/api/user/recently-viewed/68e39e33f78aefaadef0a8bd',
  ip: '192.168.100.45',
  userAgent: 'okhttp/4.12.0',
  statusCode: 500,
  message: 'No matching document found for id "68dcbc7ca235be51b37bb901" version 120 modifiedPaths "customerProfile, customerProfile.recentlyViewed"',
  userId: new ObjectId('68dcbc7ca235be51b37bb901'),
  level: 'error',
  timestamp: '2025-11-02 14:20:57'
}
{
  method: 'GET',
  url: '/api/addresses/68ecc81197c5ab6e2b866a12',
  ip: '192.168.100.45',
  userAgent: 'okhttp/4.12.0',
  statusCode: 500,
  message: "Cannot read properties of undefined (reading 'find')",
  userId: new ObjectId('68dcbc7ca235be51b37bb901'),
  level: 'error',
  timestamp: '2025-11-02 17:19:31'
}
{
  method: 'GET',
  url: '/api/addresses/68ecc81197c5ab6e2b866a12',
  ip: '192.168.100.45',
  userAgent: 'okhttp/4.12.0',
  statusCode: 500,
  message: "Cannot read properties of undefined (reading 'find')",
  userId: new ObjectId('68dcbc7ca235be51b37bb901'),
  level: 'error',
  timestamp: '2025-11-02 17:19:32'
}
{
  method: 'GET',
  url: '/api/addresses/68ecc81197c5ab6e2b866a12',
  ip: '192.168.100.45',
  userAgent: 'okhttp/4.12.0',
  statusCode: 500,
  message: "Cannot read properties of undefined (reading 'find')",
  userId: new ObjectId('68dcbc7ca235be51b37bb901'),
  level: 'error',
  timestamp: '2025-11-02 17:19:32'
}
{
  method: 'GET',
  url: '/api/addresses/68ecc81197c5ab6e2b866a12',
  ip: '192.168.100.45',
  userAgent: 'okhttp/4.12.0',
  statusCode: 500,
  message: "Cannot read properties of undefined (reading 'find')",
  userId: new ObjectId('68dcbc7ca235be51b37bb901'),
  level: 'error',
  timestamp: '2025-11-02 17:19:34'
}
{
  method: 'GET',
  url: '/api/addresses/68ecc81197c5ab6e2b866a12',
  ip: '192.168.100.45',
  userAgent: 'okhttp/4.12.0',
  statusCode: 500,
  message: "Cannot read properties of undefined (reading 'find')",
  userId: new ObjectId('68dcbc7ca235be51b37bb901'),
  level: 'error',
  timestamp: '2025-11-02 17:19:34'
}
{
  method: 'GET',
  url: '/api/addresses/68ecc81197c5ab6e2b866a12',
  ip: '192.168.100.45',
  userAgent: 'okhttp/4.12.0',
  statusCode: 500,
  message: "Cannot read properties of undefined (reading 'find')",
  userId: new ObjectId('68dcbc7ca235be51b37bb901'),
  level: 'error',
  timestamp: '2025-11-02 17:19:35'
}
{
  method: 'GET',
  url: '/api/addresses/68ecc81197c5ab6e2b866a12',
  ip: '192.168.100.45',
  userAgent: 'okhttp/4.12.0',
  statusCode: 500,
  message: "Cannot read properties of undefined (reading 'find')",
  userId: new ObjectId('68dcbc7ca235be51b37bb901'),
  level: 'error',
  timestamp: '2025-11-02 17:19:35'
}
{
  method: 'GET',
  url: '/api/addresses/68ecc81197c5ab6e2b866a12',
  ip: '192.168.100.45',
  userAgent: 'okhttp/4.12.0',
  statusCode: 500,
  message: "Cannot read properties of undefined (reading 'find')",
  userId: new ObjectId('68dcbc7ca235be51b37bb901'),
  level: 'error',
  timestamp: '2025-11-02 17:19:36'
}
{
  method: 'GET',
  url: '/api/addresses/68ecc81197c5ab6e2b866a12',
  ip: '192.168.100.45',
  userAgent: 'okhttp/4.12.0',
  statusCode: 500,
  message: "Cannot read properties of undefined (reading 'find')",
  userId: new ObjectId('68dcbc7ca235be51b37bb901'),
  level: 'error',
  timestamp: '2025-11-02 17:19:36'
}
{
  method: 'GET',
  url: '/api/addresses/68ecc81197c5ab6e2b866a12',
  ip: '192.168.100.45',
  userAgent: 'okhttp/4.12.0',
  statusCode: 500,
  message: "Cannot read properties of undefined (reading 'find')",
  userId: new ObjectId('68dcbc7ca235be51b37bb901'),
  level: 'error',
  timestamp: '2025-11-02 17:19:37'
}
{
  method: 'GET',
  url: '/api/addresses/68ecc81197c5ab6e2b866a12',
  ip: '192.168.100.45',
  userAgent: 'okhttp/4.12.0',
  statusCode: 500,
  message: "Cannot read properties of undefined (reading 'find')",
  userId: new ObjectId('68dcbc7ca235be51b37bb901'),
  level: 'error',
  timestamp: '2025-11-02 17:19:37'
}
{
  method: 'GET',
  url: '/api/addresses/68ecc81197c5ab6e2b866a12',
  ip: '192.168.100.45',
  userAgent: 'okhttp/4.12.0',
  statusCode: 500,
  message: "Cannot read properties of undefined (reading 'find')",
  userId: new ObjectId('68dcbc7ca235be51b37bb901'),
  level: 'error',
  timestamp: '2025-11-02 17:19:38'
}
{
  method: 'GET',
  url: '/api/addresses/68ecc81197c5ab6e2b866a12',
  ip: '192.168.100.45',
  userAgent: 'okhttp/4.12.0',
  statusCode: 500,
  message: "Cannot read properties of undefined (reading 'find')",
  userId: new ObjectId('68dcbc7ca235be51b37bb901'),
  level: 'error',
  timestamp: '2025-11-02 17:19:38'
}
{
  method: 'GET',
  url: '/api/addresses/68ecc81197c5ab6e2b866a12',
  ip: '192.168.100.45',
  userAgent: 'okhttp/4.12.0',
  statusCode: 500,
  message: "Cannot read properties of undefined (reading 'find')",
  userId: new ObjectId('68dcbc7ca235be51b37bb901'),
  level: 'error',
  timestamp: '2025-11-02 17:19:40'
}
{
  method: 'GET',
  url: '/api/addresses/68ecc81197c5ab6e2b866a12',
  ip: '192.168.100.45',
  userAgent: 'okhttp/4.12.0',
  statusCode: 500,
  message: "Cannot read properties of undefined (reading 'find')",
  userId: new ObjectId('68dcbc7ca235be51b37bb901'),
  level: 'error',
  timestamp: '2025-11-02 17:19:40'
}
{
  method: 'GET',
  url: '/api/addresses/68ecc81197c5ab6e2b866a12',
  ip: '192.168.100.45',
  userAgent: 'okhttp/4.12.0',
  statusCode: 500,
  message: "Cannot read properties of undefined (reading 'find')",
  userId: new ObjectId('68dcbc7ca235be51b37bb901'),
  level: 'error',
  timestamp: '2025-11-02 17:19:41'
}
{
  method: 'GET',
  url: '/api/addresses/68ecc81197c5ab6e2b866a12',
  ip: '192.168.100.45',
  userAgent: 'okhttp/4.12.0',
  statusCode: 500,
  message: "Cannot read properties of undefined (reading 'find')",
  userId: new ObjectId('68dcbc7ca235be51b37bb901'),
  level: 'error',
  timestamp: '2025-11-02 17:19:41'
}
{
  method: 'GET',
  url: '/api/addresses/68ecc81197c5ab6e2b866a12',
  ip: '192.168.100.45',
  userAgent: 'okhttp/4.12.0',
  statusCode: 500,
  message: "Cannot read properties of undefined (reading 'find')",
  userId: new ObjectId('68dcbc7ca235be51b37bb901'),
  level: 'error',
  timestamp: '2025-11-02 17:19:42'
}
{
  method: 'GET',
  url: '/api/addresses/68ecc81197c5ab6e2b866a12',
  ip: '192.168.100.45',
  userAgent: 'okhttp/4.12.0',
  statusCode: 500,
  message: "Cannot read properties of undefined (reading 'find')",
  userId: new ObjectId('68dcbc7ca235be51b37bb901'),
  level: 'error',
  timestamp: '2025-11-02 17:19:42'
}
{
  method: 'GET',
  url: '/api/addresses/68ecc81197c5ab6e2b866a12',
  ip: '192.168.100.45',
  userAgent: 'okhttp/4.12.0',
  statusCode: 500,
  message: "Cannot read properties of undefined (reading 'find')",
  userId: new ObjectId('68dcbc7ca235be51b37bb901'),
  level: 'error',
  timestamp: '2025-11-02 17:19:44'
}
{
  method: 'GET',
  url: '/api/addresses/68ecc81197c5ab6e2b866a12',
  ip: '192.168.100.45',
  userAgent: 'okhttp/4.12.0',
  statusCode: 500,
  message: "Cannot read properties of undefined (reading 'find')",
  userId: new ObjectId('68dcbc7ca235be51b37bb901'),
  level: 'error',
  timestamp: '2025-11-02 17:19:44'
}
{
  method: 'GET',
  url: '/api/addresses/68ecc81197c5ab6e2b866a12',
  ip: '192.168.100.45',
  userAgent: 'okhttp/4.12.0',
  statusCode: 500,
  message: "Cannot read properties of undefined (reading 'find')",
  userId: new ObjectId('68dcbc7ca235be51b37bb901'),
  level: 'error',
  timestamp: '2025-11-02 17:19:45'
}
{
  method: 'GET',
  url: '/api/addresses/68ecc81197c5ab6e2b866a12',
  ip: '192.168.100.45',
  userAgent: 'okhttp/4.12.0',
  statusCode: 500,
  message: "Cannot read properties of undefined (reading 'find')",
  userId: new ObjectId('68dcbc7ca235be51b37bb901'),
  level: 'error',
  timestamp: '2025-11-02 17:19:45'
}
{
  method: 'GET',
  url: '/api/addresses/68ecc81197c5ab6e2b866a12',
  ip: '192.168.100.45',
  userAgent: 'okhttp/4.12.0',
  statusCode: 500,
  message: "Cannot read properties of undefined (reading 'find')",
  userId: new ObjectId('68dcbc7ca235be51b37bb901'),
  level: 'error',
  timestamp: '2025-11-02 17:19:46'
}
{
  method: 'GET',
  url: '/api/addresses/68ecc81197c5ab6e2b866a12',
  ip: '192.168.100.45',
  userAgent: 'okhttp/4.12.0',
  statusCode: 500,
  message: "Cannot read properties of undefined (reading 'find')",
  userId: new ObjectId('68dcbc7ca235be51b37bb901'),
  level: 'error',
  timestamp: '2025-11-02 17:19:46'
}
{
  method: 'GET',
  url: '/api/addresses/68ecc81197c5ab6e2b866a12',
  ip: '192.168.100.45',
  userAgent: 'okhttp/4.12.0',
  statusCode: 500,
  message: "Cannot read properties of undefined (reading 'find')",
  userId: new ObjectId('68dcbc7ca235be51b37bb901'),
  level: 'error',
  timestamp: '2025-11-02 17:19:48'
}
{
  method: 'GET',
  url: '/api/addresses/68ecc81197c5ab6e2b866a12',
  ip: '192.168.100.45',
  userAgent: 'okhttp/4.12.0',
  statusCode: 500,
  message: "Cannot read properties of undefined (reading 'find')",
  userId: new ObjectId('68dcbc7ca235be51b37bb901'),
  level: 'error',
  timestamp: '2025-11-02 17:19:48'
}
{
  method: 'GET',
  url: '/api/addresses/68ecc81197c5ab6e2b866a12',
  ip: '192.168.100.45',
  userAgent: 'okhttp/4.12.0',
  statusCode: 500,
  message: "Cannot read properties of undefined (reading 'find')",
  userId: new ObjectId('68dcbc7ca235be51b37bb901'),
  level: 'error',
  timestamp: '2025-11-02 17:19:49'
}
{
  method: 'GET',
  url: '/api/addresses/68ecc81197c5ab6e2b866a12',
  ip: '192.168.100.45',
  userAgent: 'okhttp/4.12.0',
  statusCode: 500,
  message: "Cannot read properties of undefined (reading 'find')",
  userId: new ObjectId('68dcbc7ca235be51b37bb901'),
  level: 'error',
  timestamp: '2025-11-02 17:19:49'
}
{
  method: 'GET',
  url: '/api/addresses/68ecc81197c5ab6e2b866a12',
  ip: '192.168.100.45',
  userAgent: 'okhttp/4.12.0',
  statusCode: 500,
  message: "Cannot read properties of undefined (reading 'find')",
  userId: new ObjectId('68dcbc7ca235be51b37bb901'),
  level: 'error',
  timestamp: '2025-11-02 17:19:50'
}
{
  method: 'GET',
  url: '/api/addresses/68ecc81197c5ab6e2b866a12',
  ip: '192.168.100.45',
  userAgent: 'okhttp/4.12.0',
  statusCode: 500,
  message: "Cannot read properties of undefined (reading 'find')",
  userId: new ObjectId('68dcbc7ca235be51b37bb901'),
  level: 'error',
  timestamp: '2025-11-02 17:19:50'
}
{
  method: 'GET',
  url: '/api/addresses/68ecc81197c5ab6e2b866a12',
  ip: '192.168.100.45',
  userAgent: 'okhttp/4.12.0',
  statusCode: 500,
  message: "Cannot read properties of undefined (reading 'find')",
  userId: new ObjectId('68dcbc7ca235be51b37bb901'),
  level: 'error',
  timestamp: '2025-11-02 17:19:52'
}
{
  method: 'GET',
  url: '/api/addresses/68ecc81197c5ab6e2b866a12',
  ip: '192.168.100.45',
  userAgent: 'okhttp/4.12.0',
  statusCode: 500,
  message: "Cannot read properties of undefined (reading 'find')",
  userId: new ObjectId('68dcbc7ca235be51b37bb901'),
  level: 'error',
  timestamp: '2025-11-02 17:19:52'
}
{
  method: 'GET',
  url: '/api/addresses/68ecc81197c5ab6e2b866a12',
  ip: '192.168.100.45',
  userAgent: 'okhttp/4.12.0',
  statusCode: 500,
  message: "Cannot read properties of undefined (reading 'find')",
  userId: new ObjectId('68dcbc7ca235be51b37bb901'),
  level: 'error',
  timestamp: '2025-11-02 17:19:54'
}
{
  method: 'GET',
  url: '/api/addresses/68ecc81197c5ab6e2b866a12',
  ip: '192.168.100.45',
  userAgent: 'okhttp/4.12.0',
  statusCode: 500,
  message: "Cannot read properties of undefined (reading 'find')",
  userId: new ObjectId('68dcbc7ca235be51b37bb901'),
  level: 'error',
  timestamp: '2025-11-02 17:19:54'
}
{
  method: 'GET',
  url: '/api/addresses/68ecc81197c5ab6e2b866a12',
  ip: '192.168.100.45',
  userAgent: 'okhttp/4.12.0',
  statusCode: 500,
  message: "Cannot read properties of undefined (reading 'find')",
  userId: new ObjectId('68dcbc7ca235be51b37bb901'),
  level: 'error',
  timestamp: '2025-11-02 17:19:55'
}
{
  method: 'GET',
  url: '/api/addresses/68ecc81197c5ab6e2b866a12',
  ip: '192.168.100.45',
  userAgent: 'okhttp/4.12.0',
  statusCode: 500,
  message: "Cannot read properties of undefined (reading 'find')",
  userId: new ObjectId('68dcbc7ca235be51b37bb901'),
  level: 'error',
  timestamp: '2025-11-02 17:19:55'
}
{
  method: 'GET',
  url: '/api/addresses/68ecc81197c5ab6e2b866a12',
  ip: '192.168.100.45',
  userAgent: 'okhttp/4.12.0',
  statusCode: 500,
  message: "Cannot read properties of undefined (reading 'find')",
  userId: new ObjectId('68dcbc7ca235be51b37bb901'),
  level: 'error',
  timestamp: '2025-11-02 17:19:56'
}
{
  method: 'GET',
  url: '/api/addresses/68ecc81197c5ab6e2b866a12',
  ip: '192.168.100.45',
  userAgent: 'okhttp/4.12.0',
  statusCode: 500,
  message: "Cannot read properties of undefined (reading 'find')",
  userId: new ObjectId('68dcbc7ca235be51b37bb901'),
  level: 'error',
  timestamp: '2025-11-02 17:19:56'
}
{
  method: 'GET',
  url: '/api/addresses/68ecc81197c5ab6e2b866a12',
  ip: '192.168.100.45',
  userAgent: 'okhttp/4.12.0',
  statusCode: 500,
  message: "Cannot read properties of undefined (reading 'find')",
  userId: new ObjectId('68dcbc7ca235be51b37bb901'),
  level: 'error',
  timestamp: '2025-11-02 17:19:57'
}
{
  method: 'GET',
  url: '/api/addresses/68ecc81197c5ab6e2b866a12',
  ip: '192.168.100.45',
  userAgent: 'okhttp/4.12.0',
  statusCode: 500,
  message: "Cannot read properties of undefined (reading 'find')",
  userId: new ObjectId('68dcbc7ca235be51b37bb901'),
  level: 'error',
  timestamp: '2025-11-02 17:19:57'
}
{
  method: 'GET',
  url: '/api/addresses/68ecc81197c5ab6e2b866a12',
  ip: '192.168.100.45',
  userAgent: 'okhttp/4.12.0',
  statusCode: 500,
  message: "Cannot read properties of undefined (reading 'find')",
  userId: new ObjectId('68dcbc7ca235be51b37bb901'),
  level: 'error',
  timestamp: '2025-11-02 17:19:59'
}
{
  method: 'GET',
  url: '/api/addresses/68ecc81197c5ab6e2b866a12',
  ip: '192.168.100.45',
  userAgent: 'okhttp/4.12.0',
  statusCode: 500,
  message: "Cannot read properties of undefined (reading 'find')",
  userId: new ObjectId('68dcbc7ca235be51b37bb901'),
  level: 'error',
  timestamp: '2025-11-02 17:19:59'
}
{
  method: 'GET',
  url: '/api/addresses/68ecc81197c5ab6e2b866a12',
  ip: '192.168.100.45',
  userAgent: 'okhttp/4.12.0',
  statusCode: 500,
  message: "Cannot read properties of undefined (reading 'find')",
  userId: new ObjectId('68dcbc7ca235be51b37bb901'),
  level: 'error',
  timestamp: '2025-11-02 17:20:00'
}
{
  method: 'GET',
  url: '/api/addresses/68ecc81197c5ab6e2b866a12',
  ip: '192.168.100.45',
  userAgent: 'okhttp/4.12.0',
  statusCode: 500,
  message: "Cannot read properties of undefined (reading 'find')",
  userId: new ObjectId('68dcbc7ca235be51b37bb901'),
  level: 'error',
  timestamp: '2025-11-02 17:20:00'
}
{
  method: 'GET',
  url: '/api/addresses/68ecc81197c5ab6e2b866a12',
  ip: '192.168.100.45',
  userAgent: 'okhttp/4.12.0',
  statusCode: 500,
  message: "Cannot read properties of undefined (reading 'find')",
  userId: new ObjectId('68dcbc7ca235be51b37bb901'),
  level: 'error',
  timestamp: '2025-11-02 17:20:02'
}
{
  method: 'GET',
  url: '/api/addresses/68ecc81197c5ab6e2b866a12',
  ip: '192.168.100.45',
  userAgent: 'okhttp/4.12.0',
  statusCode: 500,
  message: "Cannot read properties of undefined (reading 'find')",
  userId: new ObjectId('68dcbc7ca235be51b37bb901'),
  level: 'error',
  timestamp: '2025-11-02 17:20:02'
}
{
  method: 'GET',
  url: '/api/addresses/68ecc81197c5ab6e2b866a12',
  ip: '192.168.100.45',
  userAgent: 'okhttp/4.12.0',
  statusCode: 500,
  message: "Cannot read properties of undefined (reading 'find')",
  userId: new ObjectId('68dcbc7ca235be51b37bb901'),
  level: 'error',
  timestamp: '2025-11-02 17:20:03'
}
{
  method: 'GET',
  url: '/api/addresses/68ecc81197c5ab6e2b866a12',
  ip: '192.168.100.45',
  userAgent: 'okhttp/4.12.0',
  statusCode: 500,
  message: "Cannot read properties of undefined (reading 'find')",
  userId: new ObjectId('68dcbc7ca235be51b37bb901'),
  level: 'error',
  timestamp: '2025-11-02 17:20:03'
}
{
  method: 'GET',
  url: '/api/addresses/68ecc81197c5ab6e2b866a12',
  ip: '192.168.100.45',
  userAgent: 'okhttp/4.12.0',
  statusCode: 500,
  message: "Cannot read properties of undefined (reading 'find')",
  userId: new ObjectId('68dcbc7ca235be51b37bb901'),
  level: 'error',
  timestamp: '2025-11-02 17:20:04'
}
{
  method: 'GET',
  url: '/api/addresses/68ecc81197c5ab6e2b866a12',
  ip: '192.168.100.45',
  userAgent: 'okhttp/4.12.0',
  statusCode: 500,
  message: "Cannot read properties of undefined (reading 'find')",
  userId: new ObjectId('68dcbc7ca235be51b37bb901'),
  level: 'error',
  timestamp: '2025-11-02 17:20:04'
}
{
  method: 'GET',
  url: '/api/addresses/68ecc81197c5ab6e2b866a12',
  ip: '192.168.100.45',
  userAgent: 'okhttp/4.12.0',
  statusCode: 500,
  message: "Cannot read properties of undefined (reading 'find')",
  userId: new ObjectId('68dcbc7ca235be51b37bb901'),
  level: 'error',
  timestamp: '2025-11-02 17:20:06'
}
{
  method: 'GET',
  url: '/api/addresses/68ecc81197c5ab6e2b866a12',
  ip: '192.168.100.45',
  userAgent: 'okhttp/4.12.0',
  statusCode: 500,
  message: "Cannot read properties of undefined (reading 'find')",
  userId: new ObjectId('68dcbc7ca235be51b37bb901'),
  level: 'error',
  timestamp: '2025-11-02 17:20:06'
}
{
  method: 'GET',
  url: '/api/addresses/68ecc81197c5ab6e2b866a12',
  ip: '192.168.100.45',
  userAgent: 'okhttp/4.12.0',
  statusCode: 500,
  message: "Cannot read properties of undefined (reading 'find')",
  userId: new ObjectId('68dcbc7ca235be51b37bb901'),
  level: 'error',
  timestamp: '2025-11-02 17:20:07'
}
{
  method: 'GET',
  url: '/api/addresses/68ecc81197c5ab6e2b866a12',
  ip: '192.168.100.45',
  userAgent: 'okhttp/4.12.0',
  statusCode: 500,
  message: "Cannot read properties of undefined (reading 'find')",
  userId: new ObjectId('68dcbc7ca235be51b37bb901'),
  level: 'error',
  timestamp: '2025-11-02 17:20:07'
}
{
  method: 'GET',
  url: '/api/addresses/68ecc81197c5ab6e2b866a12',
  ip: '192.168.100.45',
  userAgent: 'okhttp/4.12.0',
  statusCode: 500,
  message: "Cannot read properties of undefined (reading 'find')",
  userId: new ObjectId('68dcbc7ca235be51b37bb901'),
  level: 'error',
  timestamp: '2025-11-02 17:20:09'
}
{
  method: 'GET',
  url: '/api/addresses/68ecc81197c5ab6e2b866a12',
  ip: '192.168.100.45',
  userAgent: 'okhttp/4.12.0',
  statusCode: 500,
  message: "Cannot read properties of undefined (reading 'find')",
  userId: new ObjectId('68dcbc7ca235be51b37bb901'),
  level: 'error',
  timestamp: '2025-11-02 17:20:09'
}
{
  method: 'GET',
  url: '/api/addresses/68ecc81197c5ab6e2b866a12',
  ip: '192.168.100.45',
  userAgent: 'okhttp/4.12.0',
  statusCode: 500,
  message: "Cannot read properties of undefined (reading 'find')",
  userId: new ObjectId('68dcbc7ca235be51b37bb901'),
  level: 'error',
  timestamp: '2025-11-02 17:20:10'
}
{
  method: 'GET',
  url: '/api/addresses/68ecc81197c5ab6e2b866a12',
  ip: '192.168.100.45',
  userAgent: 'okhttp/4.12.0',
  statusCode: 500,
  message: "Cannot read properties of undefined (reading 'find')",
  userId: new ObjectId('68dcbc7ca235be51b37bb901'),
  level: 'error',
  timestamp: '2025-11-02 17:20:10'
}
{
  method: 'GET',
  url: '/api/addresses/68ecc81197c5ab6e2b866a12',
  ip: '192.168.100.45',
  userAgent: 'okhttp/4.12.0',
  statusCode: 500,
  message: "Cannot read properties of undefined (reading 'find')",
  userId: new ObjectId('68dcbc7ca235be51b37bb901'),
  level: 'error',
  timestamp: '2025-11-02 17:20:11'
}
{
  method: 'GET',
  url: '/api/addresses/68ecc81197c5ab6e2b866a12',
  ip: '192.168.100.45',
  userAgent: 'okhttp/4.12.0',
  statusCode: 500,
  message: "Cannot read properties of undefined (reading 'find')",
  userId: new ObjectId('68dcbc7ca235be51b37bb901'),
  level: 'error',
  timestamp: '2025-11-02 17:20:12'
}
{
  method: 'GET',
  url: '/api/addresses/68ecc81197c5ab6e2b866a12',
  ip: '192.168.100.45',
  userAgent: 'okhttp/4.12.0',
  statusCode: 500,
  message: "Cannot read properties of undefined (reading 'find')",
  userId: new ObjectId('68dcbc7ca235be51b37bb901'),
  level: 'error',
  timestamp: '2025-11-02 17:20:13'
}
{
  method: 'GET',
  url: '/api/addresses/68ecc81197c5ab6e2b866a12',
  ip: '192.168.100.45',
  userAgent: 'okhttp/4.12.0',
  statusCode: 500,
  message: "Cannot read properties of undefined (reading 'find')",
  userId: new ObjectId('68dcbc7ca235be51b37bb901'),
  level: 'error',
  timestamp: '2025-11-02 17:20:13'
}
{
  method: 'GET',
  url: '/api/addresses/68ecc81197c5ab6e2b866a12',
  ip: '192.168.100.45',
  userAgent: 'okhttp/4.12.0',
  statusCode: 500,
  message: "Cannot read properties of undefined (reading 'find')",
  userId: new ObjectId('68dcbc7ca235be51b37bb901'),
  level: 'error',
  timestamp: '2025-11-02 17:20:14'
}
{
  method: 'GET',
  url: '/api/addresses/68ecc81197c5ab6e2b866a12',
  ip: '192.168.100.45',
  userAgent: 'okhttp/4.12.0',
  statusCode: 500,
  message: "Cannot read properties of undefined (reading 'find')",
  userId: new ObjectId('68dcbc7ca235be51b37bb901'),
  level: 'error',
  timestamp: '2025-11-02 17:20:14'
}
{
  method: 'GET',
  url: '/api/addresses/68ecc81197c5ab6e2b866a12',
  ip: '192.168.100.45',
  userAgent: 'okhttp/4.12.0',
  statusCode: 500,
  message: "Cannot read properties of undefined (reading 'find')",
  userId: new ObjectId('68dcbc7ca235be51b37bb901'),
  level: 'error',
  timestamp: '2025-11-02 17:20:16'
}
{
  method: 'GET',
  url: '/api/addresses/68ecc81197c5ab6e2b866a12',
  ip: '192.168.100.45',
  userAgent: 'okhttp/4.12.0',
  statusCode: 500,
  message: "Cannot read properties of undefined (reading 'find')",
  userId: new ObjectId('68dcbc7ca235be51b37bb901'),
  level: 'error',
  timestamp: '2025-11-02 17:20:16'
}
{
  method: 'GET',
  url: '/api/addresses/68ecc81197c5ab6e2b866a12',
  ip: '192.168.100.45',
  userAgent: 'okhttp/4.12.0',
  statusCode: 500,
  message: "Cannot read properties of undefined (reading 'find')",
  userId: new ObjectId('68dcbc7ca235be51b37bb901'),
  level: 'error',
  timestamp: '2025-11-02 17:20:17'
}
{
  method: 'GET',
  url: '/api/addresses/68ecc81197c5ab6e2b866a12',
  ip: '192.168.100.45',
  userAgent: 'okhttp/4.12.0',
  statusCode: 500,
  message: "Cannot read properties of undefined (reading 'find')",
  userId: new ObjectId('68dcbc7ca235be51b37bb901'),
  level: 'error',
  timestamp: '2025-11-02 17:20:17'
}
{
  method: 'GET',
  url: '/api/addresses/68ecc81197c5ab6e2b866a12',
  ip: '192.168.100.45',
  userAgent: 'okhttp/4.12.0',
  statusCode: 500,
  message: "Cannot read properties of undefined (reading 'find')",
  userId: new ObjectId('68dcbc7ca235be51b37bb901'),
  level: 'error',
  timestamp: '2025-11-02 17:20:18'
}
{
  method: 'GET',
  url: '/api/addresses/68ecc81197c5ab6e2b866a12',
  ip: '192.168.100.45',
  userAgent: 'okhttp/4.12.0',
  statusCode: 500,
  message: "Cannot read properties of undefined (reading 'find')",
  userId: new ObjectId('68dcbc7ca235be51b37bb901'),
  level: 'error',
  timestamp: '2025-11-02 17:20:18'
}
{
  method: 'POST',
  url: '/api/addresses',
  ip: '192.168.100.45',
  userAgent: 'okhttp/4.12.0',
  statusCode: 400,
  message: '"province" is required',
  userId: new ObjectId('68dcbc7ca235be51b37bb901'),
  level: 'error',
  timestamp: '2025-11-02 17:20:53'
}
{
  method: 'GET',
  url: '/api/addresses/default',
  ip: '192.168.100.45',
  userAgent: 'okhttp/4.12.0',
  statusCode: 404,
  message: 'No default address found',
  userId: new ObjectId('68dcbc7ca235be51b37bb901'),
  level: 'error',
  timestamp: '2025-11-02 18:03:15'
}
{
  method: 'GET',
  url: '/api/addresses/default',
  ip: '192.168.100.45',
  userAgent: 'okhttp/4.12.0',
  statusCode: 404,
  message: 'No default address found',
  userId: new ObjectId('68dcbc7ca235be51b37bb901'),
  level: 'error',
  timestamp: '2025-11-02 18:06:49'
}
{
  method: 'GET',
  url: '/api/addresses/default',
  ip: '192.168.100.45',
  userAgent: 'okhttp/4.12.0',
  statusCode: 404,
  message: 'No default address found',
  userId: new ObjectId('68dcbc7ca235be51b37bb901'),
  level: 'error',
  timestamp: '2025-11-02 18:07:40'
}
{
  method: 'GET',
  url: '/api/addresses/default',
  ip: '192.168.100.45',
  userAgent: 'okhttp/4.12.0',
  statusCode: 404,
  message: 'No default address found',
  userId: new ObjectId('68dcbc7ca235be51b37bb901'),
  level: 'error',
  timestamp: '2025-11-02 18:08:16'
}
{
  method: 'GET',
  url: '/api/addresses/default',
  ip: '192.168.100.45',
  userAgent: 'okhttp/4.12.0',
  statusCode: 404,
  message: 'No default address found',
  userId: new ObjectId('68dcbc7ca235be51b37bb901'),
  level: 'error',
  timestamp: '2025-11-02 18:08:54'
}
{
  method: 'POST',
  url: '/api/addresses',
  ip: '192.168.100.45',
  userAgent: 'okhttp/4.12.0',
  statusCode: 400,
  message: '"province" is required',
  userId: new ObjectId('68dcbc7ca235be51b37bb901'),
  level: 'error',
  timestamp: '2025-11-02 18:20:22'
}
{
  method: 'POST',
  url: '/api/addresses',
  ip: '192.168.100.45',
  userAgent: 'okhttp/4.12.0',
  statusCode: 400,
  message: 'Validation Error: `school` is not a valid enum value for path `label`.',
  userId: new ObjectId('68dcbc7ca235be51b37bb901'),
  level: 'error',
  timestamp: '2025-11-02 18:22:14'
}
{
  method: 'POST',
  url: '/api/addresses',
  ip: '192.168.100.45',
  userAgent: 'okhttp/4.12.0',
  statusCode: 400,
  message: 'Validation Error: `school` is not a valid enum value for path `label`.',
  userId: new ObjectId('68dcbc7ca235be51b37bb901'),
  level: 'error',
  timestamp: '2025-11-02 18:23:10'
}
{
  method: 'POST',
  url: '/api/addresses',
  ip: '192.168.100.45',
  userAgent: 'okhttp/4.12.0',
  statusCode: 400,
  message: 'Validation Error: `school` is not a valid enum value for path `label`.',
  userId: new ObjectId('68dcbc7ca235be51b37bb901'),
  level: 'error',
  timestamp: '2025-11-02 18:24:03'
}
{
  method: 'POST',
  url: '/api/addresses',
  ip: '192.168.100.45',
  userAgent: 'okhttp/4.12.0',
  statusCode: 400,
  message: 'Validation Error: `school` is not a valid enum value for path `label`.',
  userId: new ObjectId('68dcbc7ca235be51b37bb901'),
  level: 'error',
  timestamp: '2025-11-02 18:24:29'
}
{
  method: 'POST',
  url: '/api/addresses',
  ip: '192.168.100.45',
  userAgent: 'okhttp/4.12.0',
  statusCode: 400,
  message: 'Validation Error: `home` is not a valid enum value for path `label`.',
  userId: new ObjectId('68dcbc7ca235be51b37bb901'),
  level: 'error',
  timestamp: '2025-11-02 18:24:51'
}
{
  method: 'GET',
  url: '/api/addresses/69075be40a21539cc01e865c',
  ip: '192.168.100.45',
  userAgent: 'okhttp/4.12.0',
  statusCode: 500,
  message: "Cannot read properties of undefined (reading 'find')",
  userId: new ObjectId('68dcbc7ca235be51b37bb901'),
  level: 'error',
  timestamp: '2025-11-02 18:26:39'
}
{
  method: 'POST',
  url: '/api/promos/validate',
  ip: '192.168.100.45',
  userAgent: 'okhttp/4.12.0',
  statusCode: 404,
  message: "Can't find /api/promos/validate on this server",
  userId: 'Anonymous',
  level: 'error',
  timestamp: '2025-11-08 15:47:04'
}
{
  method: 'POST',
  url: '/api/orders/create',
  ip: '192.168.100.45',
  userAgent: 'okhttp/4.12.0',
  statusCode: 404,
  message: "Can't find /api/orders/create on this server",
  userId: new ObjectId('68dcbc7ca235be51b37bb901'),
  level: 'error',
  timestamp: '2025-11-08 15:55:18'
}
{
  method: 'POST',
  url: '/api/orders/create',
  ip: '192.168.100.45',
  userAgent: 'okhttp/4.12.0',
  statusCode: 404,
  message: "Can't find /api/orders/create on this server",
  userId: new ObjectId('68dcbc7ca235be51b37bb901'),
  level: 'error',
  timestamp: '2025-11-08 15:55:31'
}
